2024-12-14T10:05:56.113050+00:00 INFO 'ansible_navigator.setup_logger' New ansible-navigator instance, logging initialized
2024-12-14T10:05:56.113375+00:00 INFO 'ansible_navigator.setup_logger' New ansible-runner instance, logging initialized
2024-12-14T10:05:56.113411+00:00 DEBUG 'ansible_navigator.main' MarkupSafe==3.0.2 
2024-12-14T10:05:56.113434+00:00 DEBUG 'ansible_navigator.main' Parsley==1.3 
2024-12-14T10:05:56.113452+00:00 DEBUG 'ansible_navigator.main' PyYAML==6.0.2 
2024-12-14T10:05:56.113469+00:00 DEBUG 'ansible_navigator.main' ansible-builder==3.1.0 
2024-12-14T10:05:56.113486+00:00 DEBUG 'ansible_navigator.main' ansible-compat==24.10.0 
2024-12-14T10:05:56.113502+00:00 DEBUG 'ansible_navigator.main' ansible-core==2.17.6 
2024-12-14T10:05:56.113518+00:00 DEBUG 'ansible_navigator.main' ansible-lint==24.10.0 
2024-12-14T10:05:56.113534+00:00 DEBUG 'ansible_navigator.main' ansible-navigator==24.10.0 
2024-12-14T10:05:56.113550+00:00 DEBUG 'ansible_navigator.main' ansible-runner==2.4.0 
2024-12-14T10:05:56.113566+00:00 DEBUG 'ansible_navigator.main' ansible==10.6.0 /home/thanhtut/test/ansible/lib/python3.10/site-packages/ansible/__init__.py
2024-12-14T10:05:56.113581+00:00 DEBUG 'ansible_navigator.main' bindep==2.11.0 /home/thanhtut/test/ansible/lib/python3.10/site-packages/bindep/__init__.py
2024-12-14T10:05:56.113596+00:00 DEBUG 'ansible_navigator.main' boto3==1.35.71 /home/thanhtut/test/ansible/lib/python3.10/site-packages/boto3/__init__.py
2024-12-14T10:05:56.113612+00:00 DEBUG 'ansible_navigator.main' botocore==1.35.71 /home/thanhtut/test/ansible/lib/python3.10/site-packages/botocore/__init__.py
2024-12-14T10:05:56.113628+00:00 DEBUG 'ansible_navigator.main' cffi==1.17.1 /home/thanhtut/test/ansible/lib/python3.10/site-packages/cffi/__init__.py
2024-12-14T10:05:56.113643+00:00 DEBUG 'ansible_navigator.main' click==8.1.7 /home/thanhtut/test/ansible/lib/python3.10/site-packages/click/__init__.py
2024-12-14T10:05:56.113659+00:00 DEBUG 'ansible_navigator.main' distro==1.9.0 /home/thanhtut/test/ansible/lib/python3.10/site-packages/distro/__init__.py
2024-12-14T10:05:56.113674+00:00 DEBUG 'ansible_navigator.main' importlib_metadata==8.5.0 /home/thanhtut/test/ansible/lib/python3.10/site-packages/importlib_metadata/__init__.py
2024-12-14T10:05:56.113690+00:00 DEBUG 'ansible_navigator.main' jmespath==1.0.1 /home/thanhtut/test/ansible/lib/python3.10/site-packages/jmespath/__init__.py
2024-12-14T10:05:56.113704+00:00 DEBUG 'ansible_navigator.main' lockfile==0.12.2 /home/thanhtut/test/ansible/lib/python3.10/site-packages/lockfile/__init__.py
2024-12-14T10:05:56.113719+00:00 DEBUG 'ansible_navigator.main' mypy-extensions==1.0.0 
2024-12-14T10:05:56.113734+00:00 DEBUG 'ansible_navigator.main' onigurumacffi==1.3.0 /home/thanhtut/test/ansible/lib/python3.10/site-packages/onigurumacffi.py
2024-12-14T10:05:56.113751+00:00 DEBUG 'ansible_navigator.main' passlib==1.7.4 /home/thanhtut/test/ansible/lib/python3.10/site-packages/passlib/__init__.py
2024-12-14T10:05:56.113768+00:00 DEBUG 'ansible_navigator.main' pbr==6.1.0 /home/thanhtut/test/ansible/lib/python3.10/site-packages/pbr/__init__.py
2024-12-14T10:05:56.113784+00:00 DEBUG 'ansible_navigator.main' pexpect==4.9.0 /home/thanhtut/test/ansible/lib/python3.10/site-packages/pexpect/__init__.py
2024-12-14T10:05:56.113799+00:00 DEBUG 'ansible_navigator.main' pip==24.3.1 /home/thanhtut/test/ansible/lib/python3.10/site-packages/pip/__init__.py
2024-12-14T10:05:56.113814+00:00 DEBUG 'ansible_navigator.main' pycparser==2.22 /home/thanhtut/test/ansible/lib/python3.10/site-packages/pycparser/__init__.py
2024-12-14T10:05:56.113830+00:00 DEBUG 'ansible_navigator.main' python-daemon==3.1.0 
2024-12-14T10:05:56.113846+00:00 DEBUG 'ansible_navigator.main' python-dateutil==2.9.0.post0 
2024-12-14T10:05:56.113863+00:00 DEBUG 'ansible_navigator.main' resolvelib==1.0.1 /home/thanhtut/test/ansible/lib/python3.10/site-packages/resolvelib/__init__.py
2024-12-14T10:05:56.113891+00:00 DEBUG 'ansible_navigator.main' ruamel.yaml.clib==0.2.12 
2024-12-14T10:05:56.113906+00:00 DEBUG 'ansible_navigator.main' ruamel.yaml==0.18.6 /home/thanhtut/test/ansible/lib/python3.10/site-packages/ruamel/yaml/__init__.py
2024-12-14T10:05:56.113931+00:00 DEBUG 'ansible_navigator.main' s3transfer==0.10.4 /home/thanhtut/test/ansible/lib/python3.10/site-packages/s3transfer/__init__.py
2024-12-14T10:05:56.113975+00:00 DEBUG 'ansible_navigator.main' setuptools==75.6.0 /home/thanhtut/test/ansible/lib/python3.10/site-packages/setuptools/__init__.py
2024-12-14T10:05:56.113993+00:00 DEBUG 'ansible_navigator.main' six==1.16.0 /home/thanhtut/test/ansible/lib/python3.10/site-packages/six.py
2024-12-14T10:05:56.114009+00:00 DEBUG 'ansible_navigator.main' subprocess-tee==0.4.2 
2024-12-14T10:05:56.114033+00:00 DEBUG 'ansible_navigator.main' tzdata==2024.2 /home/thanhtut/test/ansible/lib/python3.10/site-packages/tzdata/__init__.py
2024-12-14T10:05:56.114049+00:00 DEBUG 'ansible_navigator.main' yamllint==1.35.1 /home/thanhtut/test/ansible/lib/python3.10/site-packages/yamllint/__init__.py
2024-12-14T10:05:56.114064+00:00 DEBUG 'ansible_navigator.main' zipp==3.21.0 /home/thanhtut/test/ansible/lib/python3.10/site-packages/zipp/__init__.py
2024-12-14T10:05:56.114079+00:00 DEBUG 'ansible_navigator.main' Default collection_doc_cache_path set to: /home/thanhtut/.cache/ansible-navigator/collection_doc_cache.db
2024-12-14T10:05:56.114094+00:00 DEBUG 'ansible_navigator.main' EDITOR environment variable not set
2024-12-14T10:05:56.114109+00:00 DEBUG 'ansible_navigator.main' Default editor_command set to: vi +{line_number} {filename}
2024-12-14T10:05:56.114124+00:00 DEBUG 'ansible_navigator.main' No config file set by ANSIBLE_NAVIGATOR_CONFIG
2024-12-14T10:05:56.114139+00:00 DEBUG 'ansible_navigator.main' Looking in /home/thanhtut/.ansible-navigator
2024-12-14T10:05:56.114153+00:00 DEBUG 'ansible_navigator.main' Looking for '/home/thanhtut/.ansible-navigator.yml', '/home/thanhtut/.ansible-navigator.yaml' and '/home/thanhtut/.ansible-navigator.json'
2024-12-14T10:05:56.114168+00:00 DEBUG 'ansible_navigator.main' Found 0: 
2024-12-14T10:05:56.114183+00:00 DEBUG 'ansible_navigator.main' Looking in /home/thanhtut/test/ansible/git_tutorial/Chapter-2/ansible-navigator
2024-12-14T10:05:56.114197+00:00 DEBUG 'ansible_navigator.main' Looking for '/home/thanhtut/test/ansible/git_tutorial/Chapter-2/ansible-navigator.yml', '/home/thanhtut/test/ansible/git_tutorial/Chapter-2/ansible-navigator.yaml' and '/home/thanhtut/test/ansible/git_tutorial/Chapter-2/ansible-navigator.json'
2024-12-14T10:05:56.114232+00:00 DEBUG 'ansible_navigator.main' Found 0: 
2024-12-14T10:05:56.114251+00:00 DEBUG 'ansible_navigator.main' All found 0: 
2024-12-14T10:05:56.114267+00:00 DEBUG 'ansible_navigator.main' Using: None
2024-12-14T10:05:56.114282+00:00 DEBUG 'ansible_navigator.main' No valid settings file found, using all default values for settings.
2024-12-14T10:05:56.114298+00:00 DEBUG 'ansible_navigator.main' Command provided: 'doc --eei registry.redhat.io/ansible-automation-platform-24/ee-supported-rhel8:latest --pp missing --mode stdout'
2024-12-14T10:05:56.114313+00:00 DEBUG 'ansible_navigator.main' EE support enabled: using current working directory for 'ansible.cfg'
2024-12-14T10:05:56.114330+00:00 INFO 'ansible_navigator.main' EE support enabled: found 'ansible.cfg' in current working directory.
2024-12-14T10:05:56.114344+00:00 DEBUG 'ansible_navigator.main' Completed post processing for ansible_runner_artifact_dir. (changed=False)
2024-12-14T10:05:56.114360+00:00 DEBUG 'ansible_navigator.main' Completed post processing for ansible_runner_rotate_artifacts_count. (changed=False)
2024-12-14T10:05:56.114374+00:00 DEBUG 'ansible_navigator.main' Completed post processing for ansible_runner_timeout. (changed=False)
2024-12-14T10:05:56.114389+00:00 DEBUG 'ansible_navigator.main' Completed post processing for cmdline. (changed=False)
2024-12-14T10:05:56.114404+00:00 DEBUG 'ansible_navigator.main' Completed post processing for collection_doc_cache_path. (changed=False)
2024-12-14T10:05:56.114418+00:00 DEBUG 'ansible_navigator.main' Completed post processing for container_engine. (changed=True)
2024-12-14T10:05:56.114439+00:00 DEBUG 'ansible_navigator.main'  before: 'auto'
2024-12-14T10:05:56.114455+00:00 DEBUG 'ansible_navigator.main'  after: 'podman'
2024-12-14T10:05:56.114469+00:00 DEBUG 'ansible_navigator.main' Completed post processing for container_options. (changed=False)
2024-12-14T10:05:56.114483+00:00 DEBUG 'ansible_navigator.main' Completed post processing for display_color. (changed=False)
2024-12-14T10:05:56.114498+00:00 DEBUG 'ansible_navigator.main' Completed post processing for enable_prompts. (changed=False)
2024-12-14T10:05:56.114512+00:00 DEBUG 'ansible_navigator.main' Completed post processing for execution_environment. (changed=False)
2024-12-14T10:05:56.114525+00:00 DEBUG 'ansible_navigator.main' Completed post processing for execution_environment_image. (changed=False)
2024-12-14T10:05:56.114540+00:00 DEBUG 'ansible_navigator.main' Completed post processing for help_builder. (changed=False)
2024-12-14T10:05:56.114555+00:00 DEBUG 'ansible_navigator.main' Completed post processing for help_config. (changed=False)
2024-12-14T10:05:56.114568+00:00 DEBUG 'ansible_navigator.main' Completed post processing for help_doc. (changed=False)
2024-12-14T10:05:56.114583+00:00 DEBUG 'ansible_navigator.main' Completed post processing for help_inventory. (changed=False)
2024-12-14T10:05:56.114610+00:00 DEBUG 'ansible_navigator.main' Completed post processing for help_playbook. (changed=False)
2024-12-14T10:05:56.114625+00:00 DEBUG 'ansible_navigator.main' Completed post processing for images_details. (changed=False)
2024-12-14T10:05:56.114638+00:00 DEBUG 'ansible_navigator.main' Completed post processing for inventory. (changed=True)
2024-12-14T10:05:56.114652+00:00 DEBUG 'ansible_navigator.main'  before: 'Not set'
2024-12-14T10:05:56.114667+00:00 DEBUG 'ansible_navigator.main'  after: '['/home/thanhtut/test/ansible/git_tutorial/Chapter-2/inventory.yml']'
2024-12-14T10:05:56.114683+00:00 DEBUG 'ansible_navigator.main' Completed post processing for inventory_column. (changed=False)
2024-12-14T10:05:56.114705+00:00 DEBUG 'ansible_navigator.main' Completed post processing for log_file. (changed=False)
2024-12-14T10:05:56.114721+00:00 DEBUG 'ansible_navigator.main' Completed post processing for pass_environment_variable. (changed=False)
2024-12-14T10:05:56.114736+00:00 DEBUG 'ansible_navigator.main' Completed post processing for playbook. (changed=False)
2024-12-14T10:05:56.114750+00:00 DEBUG 'ansible_navigator.main' Completed post processing for playbook_artifact_replay. (changed=False)
2024-12-14T10:05:56.114765+00:00 DEBUG 'ansible_navigator.main' Completed post processing for playbook_artifact_save_as. (changed=False)
2024-12-14T10:05:56.114780+00:00 DEBUG 'ansible_navigator.main' Completed post processing for plugin_name. (changed=False)
2024-12-14T10:05:56.114795+00:00 DEBUG 'ansible_navigator.main' Completed post processing for pull_arguments. (changed=False)
2024-12-14T10:05:56.114809+00:00 DEBUG 'ansible_navigator.main' Completed post processing for set_environment_variable. (changed=False)
2024-12-14T10:05:56.114824+00:00 DEBUG 'ansible_navigator.main' Completed post processing for settings_effective. (changed=False)
2024-12-14T10:05:56.114839+00:00 DEBUG 'ansible_navigator.main' Completed post processing for settings_sample. (changed=False)
2024-12-14T10:05:56.114853+00:00 DEBUG 'ansible_navigator.main' Completed post processing for settings_schema. (changed=False)
2024-12-14T10:05:56.114868+00:00 DEBUG 'ansible_navigator.main' Completed post processing for settings_sources. (changed=False)
2024-12-14T10:05:56.114882+00:00 DEBUG 'ansible_navigator.main' Completed post processing for time_zone. (changed=False)
2024-12-14T10:05:56.114896+00:00 DEBUG 'ansible_navigator.main' Completed post processing for execution_environment_volume_mounts. (changed=False)
2024-12-14T10:05:56.114910+00:00 DEBUG 'ansible_navigator.main' Completed post processing for mode. (changed=False)
2024-12-14T10:05:56.114924+00:00 DEBUG 'ansible_navigator.main' Completed post processing for playbook_artifact_enable. (changed=False)
2024-12-14T10:05:56.114945+00:00 WARNING 'ansible_navigator.main' Configuration errors encountered, rolling back to previous configuration.
2024-12-14T10:05:56.114962+00:00 DEBUG 'ansible_navigator.main' Prior to rollback: ansible_runner_artifact_dir = 'Not set' (Constants/Not set)
2024-12-14T10:05:56.114978+00:00 DEBUG 'ansible_navigator.main' Prior to rollback: ansible_runner_rotate_artifacts_count = 'Not set' (Constants/Not set)
2024-12-14T10:05:56.114993+00:00 DEBUG 'ansible_navigator.main' Prior to rollback: ansible_runner_timeout = 'Not set' (Constants/Not set)
2024-12-14T10:05:56.115008+00:00 DEBUG 'ansible_navigator.main' Prior to rollback: ansible_runner_write_job_events = 'False' (bool/Defaults)
2024-12-14T10:05:56.115023+00:00 DEBUG 'ansible_navigator.main' Prior to rollback: app = 'doc' (str/Command line)
2024-12-14T10:05:56.115037+00:00 DEBUG 'ansible_navigator.main' Prior to rollback: cmdline = 'Not set' (Constants/Not set)
2024-12-14T10:05:56.115052+00:00 DEBUG 'ansible_navigator.main' Prior to rollback: collection_doc_cache_path = '/home/thanhtut/.cache/ansible-navigator/collection_doc_cache.db' (str/Defaults)
2024-12-14T10:05:56.115066+00:00 DEBUG 'ansible_navigator.main' Prior to rollback: config = 'Not set' (Constants/Not set)
2024-12-14T10:05:56.115080+00:00 DEBUG 'ansible_navigator.main' Prior to rollback: container_engine = 'podman' (str/Automatically determined)
2024-12-14T10:05:56.115096+00:00 DEBUG 'ansible_navigator.main' Prior to rollback: container_options = 'Not set' (Constants/Not set)
2024-12-14T10:05:56.115110+00:00 DEBUG 'ansible_navigator.main' Prior to rollback: display_color = 'True' (bool/Defaults)
2024-12-14T10:05:56.115124+00:00 DEBUG 'ansible_navigator.main' Prior to rollback: editor_command = 'vi +{line_number} {filename}' (str/Defaults)
2024-12-14T10:05:56.115138+00:00 DEBUG 'ansible_navigator.main' Prior to rollback: editor_console = 'True' (bool/Defaults)
2024-12-14T10:05:56.115152+00:00 DEBUG 'ansible_navigator.main' Prior to rollback: enable_prompts = 'False' (bool/Defaults)
2024-12-14T10:05:56.115166+00:00 DEBUG 'ansible_navigator.main' Prior to rollback: exec_command = '/bin/bash' (str/Defaults)
2024-12-14T10:05:56.115181+00:00 DEBUG 'ansible_navigator.main' Prior to rollback: exec_shell = 'True' (bool/Defaults)
2024-12-14T10:05:56.115195+00:00 DEBUG 'ansible_navigator.main' Prior to rollback: execution_environment = 'True' (bool/Defaults)
2024-12-14T10:05:56.115222+00:00 DEBUG 'ansible_navigator.main' Prior to rollback: execution_environment_image = 'registry.redhat.io/ansible-automation-platform-24/ee-supported-rhel8:latest' (str/Command line)
2024-12-14T10:05:56.115238+00:00 DEBUG 'ansible_navigator.main' Prior to rollback: execution_environment_volume_mounts = 'Not set' (Constants/Not set)
2024-12-14T10:05:56.115252+00:00 DEBUG 'ansible_navigator.main' Prior to rollback: format = 'yaml' (str/Defaults)
2024-12-14T10:05:56.115266+00:00 DEBUG 'ansible_navigator.main' Prior to rollback: help_builder = 'False' (bool/Defaults)
2024-12-14T10:05:56.115281+00:00 DEBUG 'ansible_navigator.main' Prior to rollback: help_config = 'False' (bool/Defaults)
2024-12-14T10:05:56.115295+00:00 DEBUG 'ansible_navigator.main' Prior to rollback: help_doc = 'False' (bool/Defaults)
2024-12-14T10:05:56.115309+00:00 DEBUG 'ansible_navigator.main' Prior to rollback: help_inventory = 'False' (bool/Defaults)
2024-12-14T10:05:56.115324+00:00 DEBUG 'ansible_navigator.main' Prior to rollback: help_playbook = 'False' (bool/Defaults)
2024-12-14T10:05:56.115338+00:00 DEBUG 'ansible_navigator.main' Prior to rollback: images_details = '['everything']' (list/Defaults)
2024-12-14T10:05:56.115352+00:00 DEBUG 'ansible_navigator.main' Prior to rollback: inventory = '['/home/thanhtut/test/ansible/git_tutorial/Chapter-2/inventory.yml']' (list/Ansible configuration file)
2024-12-14T10:05:56.115365+00:00 DEBUG 'ansible_navigator.main' Prior to rollback: inventory_column = 'Not set' (Constants/Not set)
2024-12-14T10:05:56.115380+00:00 DEBUG 'ansible_navigator.main' Prior to rollback: lint_config = 'Not set' (Constants/Not set)
2024-12-14T10:05:56.115397+00:00 DEBUG 'ansible_navigator.main' Prior to rollback: lintables = 'Not set' (Constants/Not set)
2024-12-14T10:05:56.115413+00:00 DEBUG 'ansible_navigator.main' Prior to rollback: log_append = 'True' (bool/Defaults)
2024-12-14T10:05:56.115428+00:00 DEBUG 'ansible_navigator.main' Prior to rollback: log_file = '/home/thanhtut/test/ansible/git_tutorial/Chapter-2/ansible-navigator.log' (str/Defaults)
2024-12-14T10:05:56.115442+00:00 DEBUG 'ansible_navigator.main' Prior to rollback: log_level = 'warning' (str/Defaults)
2024-12-14T10:05:56.115457+00:00 DEBUG 'ansible_navigator.main' Prior to rollback: mode = 'stdout' (str/Command line)
2024-12-14T10:05:56.115471+00:00 DEBUG 'ansible_navigator.main' Prior to rollback: osc4 = 'True' (bool/Defaults)
2024-12-14T10:05:56.115485+00:00 DEBUG 'ansible_navigator.main' Prior to rollback: pass_environment_variable = 'Not set' (Constants/Not set)
2024-12-14T10:05:56.115500+00:00 DEBUG 'ansible_navigator.main' Prior to rollback: playbook = 'Not set' (Constants/Not set)
2024-12-14T10:05:56.115515+00:00 DEBUG 'ansible_navigator.main' Prior to rollback: playbook_artifact_enable = 'True' (bool/Defaults)
2024-12-14T10:05:56.115528+00:00 DEBUG 'ansible_navigator.main' Prior to rollback: playbook_artifact_replay = 'Not set' (Constants/Not set)
2024-12-14T10:05:56.115542+00:00 DEBUG 'ansible_navigator.main' Prior to rollback: playbook_artifact_save_as = '{playbook_dir}/{playbook_name}-artifact-{time_stamp}.json' (str/Defaults)
2024-12-14T10:05:56.115557+00:00 DEBUG 'ansible_navigator.main' Prior to rollback: plugin_name = 'Not set' (Constants/Not set)
2024-12-14T10:05:56.115572+00:00 DEBUG 'ansible_navigator.main' Prior to rollback: plugin_type = 'module' (str/Defaults)
2024-12-14T10:05:56.115585+00:00 DEBUG 'ansible_navigator.main' Prior to rollback: pull_arguments = 'Not set' (Constants/Not set)
2024-12-14T10:05:56.115600+00:00 DEBUG 'ansible_navigator.main' Prior to rollback: pull_policy = 'missing' (str/Command line)
2024-12-14T10:05:56.115614+00:00 DEBUG 'ansible_navigator.main' Prior to rollback: set_environment_variable = 'Not set' (Constants/Not set)
2024-12-14T10:05:56.115629+00:00 DEBUG 'ansible_navigator.main' Prior to rollback: settings_effective = 'False' (bool/Defaults)
2024-12-14T10:05:56.115643+00:00 DEBUG 'ansible_navigator.main' Prior to rollback: settings_sample = 'False' (bool/Defaults)
2024-12-14T10:05:56.115658+00:00 DEBUG 'ansible_navigator.main' Prior to rollback: settings_schema = 'json' (str/Defaults)
2024-12-14T10:05:56.115672+00:00 DEBUG 'ansible_navigator.main' Prior to rollback: settings_sources = 'False' (bool/Defaults)
2024-12-14T10:05:56.115686+00:00 DEBUG 'ansible_navigator.main' Prior to rollback: time_zone = 'UTC' (str/Defaults)
2024-12-14T10:05:56.115700+00:00 DEBUG 'ansible_navigator.main' Prior to rollback: workdir = '/home/thanhtut/test/ansible/git_tutorial/Chapter-2' (str/Defaults)
2024-12-14T10:05:56.115715+00:00 DEBUG 'ansible_navigator.main' After rollback: ansible_runner_artifact_dir = 'Not set' (Constants/Not set)
2024-12-14T10:05:56.115729+00:00 DEBUG 'ansible_navigator.main' After rollback: ansible_runner_rotate_artifacts_count = 'Not set' (Constants/Not set)
2024-12-14T10:05:56.115743+00:00 DEBUG 'ansible_navigator.main' After rollback: ansible_runner_timeout = 'Not set' (Constants/Not set)
2024-12-14T10:05:56.115757+00:00 DEBUG 'ansible_navigator.main' After rollback: ansible_runner_write_job_events = 'Not set' (Constants/Not set)
2024-12-14T10:05:56.115772+00:00 DEBUG 'ansible_navigator.main' After rollback: app = 'Not set' (Constants/Not set)
2024-12-14T10:05:56.115786+00:00 DEBUG 'ansible_navigator.main' After rollback: cmdline = 'Not set' (Constants/Not set)
2024-12-14T10:05:56.115802+00:00 DEBUG 'ansible_navigator.main' After rollback: collection_doc_cache_path = 'Not set' (Constants/Not set)
2024-12-14T10:05:56.115816+00:00 DEBUG 'ansible_navigator.main' After rollback: config = 'Not set' (Constants/Not set)
2024-12-14T10:05:56.115830+00:00 DEBUG 'ansible_navigator.main' After rollback: container_engine = 'Not set' (Constants/Not set)
2024-12-14T10:05:56.115849+00:00 DEBUG 'ansible_navigator.main' After rollback: container_options = 'Not set' (Constants/Not set)
2024-12-14T10:05:56.115865+00:00 DEBUG 'ansible_navigator.main' After rollback: display_color = 'Not set' (Constants/Not set)
2024-12-14T10:05:56.115880+00:00 DEBUG 'ansible_navigator.main' After rollback: editor_command = 'Not set' (Constants/Not set)
2024-12-14T10:05:56.115894+00:00 DEBUG 'ansible_navigator.main' After rollback: editor_console = 'Not set' (Constants/Not set)
2024-12-14T10:05:56.115908+00:00 DEBUG 'ansible_navigator.main' After rollback: enable_prompts = 'Not set' (Constants/Not set)
2024-12-14T10:05:56.115923+00:00 DEBUG 'ansible_navigator.main' After rollback: exec_command = 'Not set' (Constants/Not set)
2024-12-14T10:05:56.115937+00:00 DEBUG 'ansible_navigator.main' After rollback: exec_shell = 'Not set' (Constants/Not set)
2024-12-14T10:05:56.115951+00:00 DEBUG 'ansible_navigator.main' After rollback: execution_environment = 'Not set' (Constants/Not set)
2024-12-14T10:05:56.115965+00:00 DEBUG 'ansible_navigator.main' After rollback: execution_environment_image = 'Not set' (Constants/Not set)
2024-12-14T10:05:56.115980+00:00 DEBUG 'ansible_navigator.main' After rollback: execution_environment_volume_mounts = 'Not set' (Constants/Not set)
2024-12-14T10:05:56.115995+00:00 DEBUG 'ansible_navigator.main' After rollback: format = 'Not set' (Constants/Not set)
2024-12-14T10:05:56.116009+00:00 DEBUG 'ansible_navigator.main' After rollback: help_builder = 'Not set' (Constants/Not set)
2024-12-14T10:05:56.116024+00:00 DEBUG 'ansible_navigator.main' After rollback: help_config = 'Not set' (Constants/Not set)
2024-12-14T10:05:56.116038+00:00 DEBUG 'ansible_navigator.main' After rollback: help_doc = 'Not set' (Constants/Not set)
2024-12-14T10:05:56.116052+00:00 DEBUG 'ansible_navigator.main' After rollback: help_inventory = 'Not set' (Constants/Not set)
2024-12-14T10:05:56.116066+00:00 DEBUG 'ansible_navigator.main' After rollback: help_playbook = 'Not set' (Constants/Not set)
2024-12-14T10:05:56.116080+00:00 DEBUG 'ansible_navigator.main' After rollback: images_details = 'Not set' (Constants/Not set)
2024-12-14T10:05:56.116094+00:00 DEBUG 'ansible_navigator.main' After rollback: inventory = 'Not set' (Constants/Not set)
2024-12-14T10:05:56.116109+00:00 DEBUG 'ansible_navigator.main' After rollback: inventory_column = 'Not set' (Constants/Not set)
2024-12-14T10:05:56.116123+00:00 DEBUG 'ansible_navigator.main' After rollback: lint_config = 'Not set' (Constants/Not set)
2024-12-14T10:05:56.116137+00:00 DEBUG 'ansible_navigator.main' After rollback: lintables = 'Not set' (Constants/Not set)
2024-12-14T10:05:56.116151+00:00 DEBUG 'ansible_navigator.main' After rollback: log_append = 'Not set' (Constants/Not set)
2024-12-14T10:05:56.116165+00:00 DEBUG 'ansible_navigator.main' After rollback: log_file = 'Not set' (Constants/Not set)
2024-12-14T10:05:56.116179+00:00 DEBUG 'ansible_navigator.main' After rollback: log_level = 'Not set' (Constants/Not set)
2024-12-14T10:05:56.116193+00:00 DEBUG 'ansible_navigator.main' After rollback: mode = 'Not set' (Constants/Not set)
2024-12-14T10:05:56.116220+00:00 DEBUG 'ansible_navigator.main' After rollback: osc4 = 'Not set' (Constants/Not set)
2024-12-14T10:05:56.116235+00:00 DEBUG 'ansible_navigator.main' After rollback: pass_environment_variable = 'Not set' (Constants/Not set)
2024-12-14T10:05:56.116250+00:00 DEBUG 'ansible_navigator.main' After rollback: playbook = 'Not set' (Constants/Not set)
2024-12-14T10:05:56.116264+00:00 DEBUG 'ansible_navigator.main' After rollback: playbook_artifact_enable = 'Not set' (Constants/Not set)
2024-12-14T10:05:56.116287+00:00 DEBUG 'ansible_navigator.main' After rollback: playbook_artifact_replay = 'Not set' (Constants/Not set)
2024-12-14T10:05:56.116306+00:00 DEBUG 'ansible_navigator.main' After rollback: playbook_artifact_save_as = 'Not set' (Constants/Not set)
2024-12-14T10:05:56.116329+00:00 DEBUG 'ansible_navigator.main' After rollback: plugin_name = 'Not set' (Constants/Not set)
2024-12-14T10:05:56.116350+00:00 DEBUG 'ansible_navigator.main' After rollback: plugin_type = 'Not set' (Constants/Not set)
2024-12-14T10:05:56.116366+00:00 DEBUG 'ansible_navigator.main' After rollback: pull_arguments = 'Not set' (Constants/Not set)
2024-12-14T10:05:56.116381+00:00 DEBUG 'ansible_navigator.main' After rollback: pull_policy = 'Not set' (Constants/Not set)
2024-12-14T10:05:56.116395+00:00 DEBUG 'ansible_navigator.main' After rollback: set_environment_variable = 'Not set' (Constants/Not set)
2024-12-14T10:05:56.116410+00:00 DEBUG 'ansible_navigator.main' After rollback: settings_effective = 'Not set' (Constants/Not set)
2024-12-14T10:05:56.116425+00:00 DEBUG 'ansible_navigator.main' After rollback: settings_sample = 'Not set' (Constants/Not set)
2024-12-14T10:05:56.116438+00:00 DEBUG 'ansible_navigator.main' After rollback: settings_schema = 'Not set' (Constants/Not set)
2024-12-14T10:05:56.116452+00:00 DEBUG 'ansible_navigator.main' After rollback: settings_sources = 'Not set' (Constants/Not set)
2024-12-14T10:05:56.116466+00:00 DEBUG 'ansible_navigator.main' After rollback: time_zone = 'Not set' (Constants/Not set)
2024-12-14T10:05:56.116480+00:00 DEBUG 'ansible_navigator.main' After rollback: workdir = 'Not set' (Constants/Not set)
2024-12-14T10:05:56.116493+00:00 DEBUG 'ansible_navigator.main' Configuration rollback complete.
2024-12-14T10:05:56.116508+00:00 DEBUG 'ansible_navigator.main' Collection doc cache not mounted
2024-12-14T10:05:56.116536+00:00 WARNING 'ansible_navigator.main' Issues were found while applying the settings.
2024-12-14T10:05:56.116553+00:00 INFO 'ansible_navigator.main' Command provided: 'doc --eei registry.redhat.io/ansible-automation-platform-24/ee-supported-rhel8:latest --pp missing --mode stdout'
2024-12-14T10:05:56.116573+00:00 ERROR 'ansible_navigator.main' A plugin name or other parameter is required when using the doc subcommand
2024-12-14T10:05:56.116592+00:00 INFO 'ansible_navigator.main' Try again with 'doc <plugin_name>'
2024-12-14T10:05:56.116610+00:00 INFO 'ansible_navigator.main' Configuration failed, using default log file location. (/home/thanhtut/test/ansible/git_tutorial/Chapter-2/ansible-navigator.log) Log level set to debug
2024-12-14T10:05:56.116628+00:00 INFO 'ansible_navigator.main' Review the hints and log file to see what went wrong.
2024-12-14T10:06:56.431179+00:00 ERROR 'ansible_navigator.actions.images._parse' Unable to extract introspection from stdout
Traceback (most recent call last):
  File "/home/thanhtut/test/ansible/lib/python3.10/site-packages/ansible_navigator/actions/images.py", line 537, in _parse
    _warnings, json_str = output.split("{", 1)
ValueError: not enough values to unpack (expected 2, got 1)
2024-12-14T10:06:56.432785+00:00 ERROR 'ansible_navigator.actions.images._parse' Image introspection failed (parsed), the return value was: Traceback (most recent call last):
  File "/home/thanhtut/.cache/ansible-navigator/image_introspect.py", line 16, in <module>
    from typing import TypeAlias
ImportError: cannot import name 'TypeAlias' from 'typing' (/usr/lib64/python3.9/typing.py)
Traceback (most recent call last):
  File "/home/thanhtut/test/ansible/lib/python3.10/site-packages/ansible_navigator/actions/images.py", line 537, in _parse
    _warnings, json_str = output.split("{", 1)
ValueError: not enough values to unpack (expected 2, got 1)
2024-12-14T10:07:15.962010+00:00 ERROR 'ansible_navigator.actions.collections._parse' Unable to extract collection json from stdout
Traceback (most recent call last):
  File "/home/thanhtut/test/ansible/lib/python3.10/site-packages/ansible_navigator/actions/collections.py", line 518, in _parse
    _warnings, json_str = output.split("{", 1)
ValueError: not enough values to unpack (expected 2, got 1)
2024-12-14T10:09:17.007666+00:00 WARNING 'ansible_navigator.image_manager.puller._log_message' Image inspection failed, image assumed to be corrupted or missing
2024-12-14T10:09:17.008103+00:00 WARNING 'ansible_navigator.image_manager.puller._log_message' stdout: []

2024-12-14T10:09:17.008158+00:00 WARNING 'ansible_navigator.image_manager.puller._log_message' stderr: Error: error inspecting object: registry.redhat.io/ansible-automation-platform-24/ee-minimal-rhel8:latest: image not known

