2024-12-17T15:56:18.008875+00:00 CRITICAL 'ansible_navigator.actions.run_playbook._handle_message' Unhandled message from runner queue, discarded: {'event': 'verbose', 'uuid': '7e0706b3-2299-4215-bbc2-01e2e3b35cf6', 'counter': 1, 'stdout': '\x1b[0;31mERROR! the playbook: default-vaiables2.yml could not be found\x1b[0m', 'start_line': 0, 'end_line': 1, 'runner_ident': '6109f7f5-1981-4c05-9e82-bc47df84476f', 'created': '2024-12-17T15:56:18.003467+00:00'}
2024-12-17T16:05:20.648933+00:00 CRITICAL 'ansible_navigator.actions.run_playbook._handle_message' Unhandled message from runner queue, discarded: {'event': 'verbose', 'uuid': 'f7bb5ffd-50da-40e4-b8ee-969fa13747fc', 'counter': 1, 'stdout': '\x1b[0;31mERROR! conflicting action statements: nmae, ansible.builtin.debug\x1b[0m', 'start_line': 0, 'end_line': 1, 'runner_ident': '125f2d4d-b8dd-4f6a-8db0-eb494a885ea3', 'created': '2024-12-17T16:05:20.643664+00:00'}
2024-12-17T16:05:20.649743+00:00 CRITICAL 'ansible_navigator.actions.run_playbook._handle_message' Unhandled message from runner queue, discarded: {'event': 'verbose', 'uuid': '006a79f4-eb02-40a5-b89b-1ca293ad404c', 'counter': 2, 'stdout': '\x1b[0;31m\x1b[0m', 'start_line': 1, 'end_line': 2, 'runner_ident': '125f2d4d-b8dd-4f6a-8db0-eb494a885ea3', 'created': '2024-12-17T16:05:20.643929+00:00'}
2024-12-17T16:05:20.649864+00:00 CRITICAL 'ansible_navigator.actions.run_playbook._handle_message' Unhandled message from runner queue, discarded: {'event': 'verbose', 'uuid': '07dc0108-d329-41e1-bda6-21b067a45ef5', 'counter': 3, 'stdout': "\x1b[0;31mThe error appears to be in '/home/thanhtut/test/ansible/git_tutorial/Chapter-7/default_variable3.yml': line 6, column 7, but may\x1b[0m", 'start_line': 2, 'end_line': 3, 'runner_ident': '125f2d4d-b8dd-4f6a-8db0-eb494a885ea3', 'created': '2024-12-17T16:05:20.644024+00:00'}
2024-12-17T16:05:20.649977+00:00 CRITICAL 'ansible_navigator.actions.run_playbook._handle_message' Unhandled message from runner queue, discarded: {'event': 'verbose', 'uuid': 'd223cb4f-7f8e-4209-b1ad-616fbe9b3520', 'counter': 4, 'stdout': '\x1b[0;31mbe elsewhere in the file depending on the exact syntax problem.\x1b[0m', 'start_line': 3, 'end_line': 4, 'runner_ident': '125f2d4d-b8dd-4f6a-8db0-eb494a885ea3', 'created': '2024-12-17T16:05:20.644130+00:00'}
2024-12-17T16:05:20.650045+00:00 CRITICAL 'ansible_navigator.actions.run_playbook._handle_message' Unhandled message from runner queue, discarded: {'event': 'verbose', 'uuid': 'bc11ddbf-33ff-4f6c-a180-80ec6c06d572', 'counter': 5, 'stdout': '\x1b[0;31m\x1b[0m', 'start_line': 4, 'end_line': 5, 'runner_ident': '125f2d4d-b8dd-4f6a-8db0-eb494a885ea3', 'created': '2024-12-17T16:05:20.644195+00:00'}
2024-12-17T16:05:20.650130+00:00 CRITICAL 'ansible_navigator.actions.run_playbook._handle_message' Unhandled message from runner queue, discarded: {'event': 'verbose', 'uuid': 'd69169b6-efdc-424a-9acc-01ff85708a42', 'counter': 6, 'stdout': '\x1b[0;31mThe offending line appears to be:\x1b[0m', 'start_line': 5, 'end_line': 6, 'runner_ident': '125f2d4d-b8dd-4f6a-8db0-eb494a885ea3', 'created': '2024-12-17T16:05:20.644253+00:00'}
2024-12-17T16:05:20.650197+00:00 CRITICAL 'ansible_navigator.actions.run_playbook._handle_message' Unhandled message from runner queue, discarded: {'event': 'verbose', 'uuid': 'a1f0e99b-e4e0-4fb4-b9ad-2fbb6aaa8bb6', 'counter': 7, 'stdout': '\x1b[0;31m\x1b[0m', 'start_line': 6, 'end_line': 7, 'runner_ident': '125f2d4d-b8dd-4f6a-8db0-eb494a885ea3', 'created': '2024-12-17T16:05:20.644304+00:00'}
2024-12-17T16:05:20.650257+00:00 CRITICAL 'ansible_navigator.actions.run_playbook._handle_message' Unhandled message from runner queue, discarded: {'event': 'verbose', 'uuid': '7bfb0429-b671-4fc8-b40f-3310038f35d8', 'counter': 8, 'stdout': '\x1b[0;31m  tasks:\x1b[0m', 'start_line': 7, 'end_line': 8, 'runner_ident': '125f2d4d-b8dd-4f6a-8db0-eb494a885ea3', 'created': '2024-12-17T16:05:20.644361+00:00'}
2024-12-17T16:05:20.650315+00:00 CRITICAL 'ansible_navigator.actions.run_playbook._handle_message' Unhandled message from runner queue, discarded: {'event': 'verbose', 'uuid': 'bce1120b-f4e3-4604-8799-56e6fced17a9', 'counter': 9, 'stdout': '\x1b[0;31m    - nmae: data\x1b[0m', 'start_line': 8, 'end_line': 9, 'runner_ident': '125f2d4d-b8dd-4f6a-8db0-eb494a885ea3', 'created': '2024-12-17T16:05:20.644415+00:00'}
2024-12-17T16:05:20.650390+00:00 CRITICAL 'ansible_navigator.actions.run_playbook._handle_message' Unhandled message from runner queue, discarded: {'event': 'verbose', 'uuid': '184010bb-8e6f-4a50-a524-e701a3a28550', 'counter': 10, 'stdout': '\x1b[0;31m      ^ here\x1b[0m', 'start_line': 9, 'end_line': 10, 'runner_ident': '125f2d4d-b8dd-4f6a-8db0-eb494a885ea3', 'created': '2024-12-17T16:05:20.644466+00:00'}
2024-12-17T16:14:23.871651+00:00 CRITICAL 'ansible_navigator.actions.run_playbook._handle_message' Unhandled message from runner queue, discarded: {'event': 'verbose', 'uuid': '5c765ee8-f49a-49fa-85a2-2bb054238ebe', 'counter': 1, 'stdout': '\x1b[0;31mERROR! the playbook: default_variable3.yml could not be found\x1b[0m', 'start_line': 0, 'end_line': 1, 'runner_ident': '87a88275-43e6-495d-9415-52eab668e7a5', 'created': '2024-12-17T16:14:23.866728+00:00'}
2024-12-17T16:18:05.301011+00:00 CRITICAL 'ansible_navigator.actions.run_playbook._handle_message' Unhandled message from runner queue, discarded: {'event': 'verbose', 'uuid': 'ab3b9992-d323-44f7-b89a-886923f7229d', 'counter': 1, 'stdout': '\x1b[0;31mERROR! no module/action detected in task.\x1b[0m', 'start_line': 0, 'end_line': 1, 'runner_ident': '0e573b7b-83ef-4c33-9b0a-7da845a050de', 'created': '2024-12-17T16:18:05.290788+00:00'}
2024-12-17T16:18:05.301693+00:00 CRITICAL 'ansible_navigator.actions.run_playbook._handle_message' Unhandled message from runner queue, discarded: {'event': 'verbose', 'uuid': '2436a81b-ae5a-46ec-be99-4a99fc991c77', 'counter': 2, 'stdout': '\x1b[0;31m\x1b[0m', 'start_line': 1, 'end_line': 2, 'runner_ident': '0e573b7b-83ef-4c33-9b0a-7da845a050de', 'created': '2024-12-17T16:18:05.290983+00:00'}
2024-12-17T16:18:05.301767+00:00 CRITICAL 'ansible_navigator.actions.run_playbook._handle_message' Unhandled message from runner queue, discarded: {'event': 'verbose', 'uuid': '31a8029e-32d7-4cfc-a25a-30cdbf944cf1', 'counter': 3, 'stdout': "\x1b[0;31mThe error appears to be in '/home/thanhtut/test/ansible/git_tutorial/Chapter-7/multipulate.yml': line 20, column 7, but may\x1b[0m", 'start_line': 2, 'end_line': 3, 'runner_ident': '0e573b7b-83ef-4c33-9b0a-7da845a050de', 'created': '2024-12-17T16:18:05.291050+00:00'}
2024-12-17T16:18:05.301847+00:00 CRITICAL 'ansible_navigator.actions.run_playbook._handle_message' Unhandled message from runner queue, discarded: {'event': 'verbose', 'uuid': '3da483e0-0900-43ec-806b-3416e34bc337', 'counter': 4, 'stdout': '\x1b[0;31mbe elsewhere in the file depending on the exact syntax problem.\x1b[0m', 'start_line': 3, 'end_line': 4, 'runner_ident': '0e573b7b-83ef-4c33-9b0a-7da845a050de', 'created': '2024-12-17T16:18:05.291101+00:00'}
2024-12-17T16:18:05.301904+00:00 CRITICAL 'ansible_navigator.actions.run_playbook._handle_message' Unhandled message from runner queue, discarded: {'event': 'verbose', 'uuid': '19d4ff2d-582d-4b46-a97c-731e4f9b0eb8', 'counter': 5, 'stdout': '\x1b[0;31m\x1b[0m', 'start_line': 4, 'end_line': 5, 'runner_ident': '0e573b7b-83ef-4c33-9b0a-7da845a050de', 'created': '2024-12-17T16:18:05.291149+00:00'}
2024-12-17T16:18:05.301967+00:00 CRITICAL 'ansible_navigator.actions.run_playbook._handle_message' Unhandled message from runner queue, discarded: {'event': 'verbose', 'uuid': '034007f7-8201-44f3-baf1-d423fd964e09', 'counter': 6, 'stdout': '\x1b[0;31mThe offending line appears to be:\x1b[0m', 'start_line': 5, 'end_line': 6, 'runner_ident': '0e573b7b-83ef-4c33-9b0a-7da845a050de', 'created': '2024-12-17T16:18:05.291196+00:00'}
2024-12-17T16:18:05.302028+00:00 CRITICAL 'ansible_navigator.actions.run_playbook._handle_message' Unhandled message from runner queue, discarded: {'event': 'verbose', 'uuid': 'a03836c3-9f5e-48fa-a24e-974ff9362971', 'counter': 7, 'stdout': '\x1b[0;31m\x1b[0m', 'start_line': 6, 'end_line': 7, 'runner_ident': '0e573b7b-83ef-4c33-9b0a-7da845a050de', 'created': '2024-12-17T16:18:05.291234+00:00'}
2024-12-17T16:18:05.302091+00:00 CRITICAL 'ansible_navigator.actions.run_playbook._handle_message' Unhandled message from runner queue, discarded: {'event': 'verbose', 'uuid': 'fcebfd80-aa0b-4ff7-a074-17961ced0d1b', 'counter': 8, 'stdout': '\x1b[0;31m\x1b[0m', 'start_line': 7, 'end_line': 8, 'runner_ident': '0e573b7b-83ef-4c33-9b0a-7da845a050de', 'created': '2024-12-17T16:18:05.291269+00:00'}
2024-12-17T16:18:05.302143+00:00 CRITICAL 'ansible_navigator.actions.run_playbook._handle_message' Unhandled message from runner queue, discarded: {'event': 'verbose', 'uuid': 'e0429ba7-960a-497e-bc26-a67705122ac1', 'counter': 9, 'stdout': '\x1b[0;31m    - name:\x1b[0m', 'start_line': 8, 'end_line': 9, 'runner_ident': '0e573b7b-83ef-4c33-9b0a-7da845a050de', 'created': '2024-12-17T16:18:05.291306+00:00'}
2024-12-17T16:18:05.302197+00:00 CRITICAL 'ansible_navigator.actions.run_playbook._handle_message' Unhandled message from runner queue, discarded: {'event': 'verbose', 'uuid': '927ec578-d8c4-43d6-8530-d8ec67eba5b6', 'counter': 10, 'stdout': '\x1b[0;31m      ^ here\x1b[0m', 'start_line': 9, 'end_line': 10, 'runner_ident': '0e573b7b-83ef-4c33-9b0a-7da845a050de', 'created': '2024-12-17T16:18:05.291346+00:00'}
2024-12-17T16:29:26.262975+00:00 CRITICAL 'ansible_navigator.actions.run_playbook._handle_message' Unhandled message from runner queue, discarded: {'event': 'verbose', 'uuid': '7a18478f-420d-4330-8bb9-d79bf893ef97', 'counter': 1, 'stdout': '\x1b[0;31mERROR! We were unable to read either as JSON nor YAML, these are the errors we got from each:\x1b[0m', 'start_line': 0, 'end_line': 1, 'runner_ident': '8317b36e-f4f8-4408-bc85-4b87cec9bfe2', 'created': '2024-12-17T16:29:26.254022+00:00'}
2024-12-17T16:29:26.263582+00:00 CRITICAL 'ansible_navigator.actions.run_playbook._handle_message' Unhandled message from runner queue, discarded: {'event': 'verbose', 'uuid': '128cd2b9-e381-40d8-a974-8747668cc51b', 'counter': 2, 'stdout': '\x1b[0;31mJSON: Expecting value: line 1 column 1 (char 0)\x1b[0m', 'start_line': 1, 'end_line': 2, 'runner_ident': '8317b36e-f4f8-4408-bc85-4b87cec9bfe2', 'created': '2024-12-17T16:29:26.254209+00:00'}
2024-12-17T16:29:26.263662+00:00 CRITICAL 'ansible_navigator.actions.run_playbook._handle_message' Unhandled message from runner queue, discarded: {'event': 'verbose', 'uuid': '5f02f2d3-b49b-4ab7-b11a-45f04a17e841', 'counter': 3, 'stdout': '\x1b[0;31m\x1b[0m', 'start_line': 2, 'end_line': 3, 'runner_ident': '8317b36e-f4f8-4408-bc85-4b87cec9bfe2', 'created': '2024-12-17T16:29:26.254272+00:00'}
2024-12-17T16:29:26.263719+00:00 CRITICAL 'ansible_navigator.actions.run_playbook._handle_message' Unhandled message from runner queue, discarded: {'event': 'verbose', 'uuid': '5c797d05-3f40-4344-a958-5324adba3be3', 'counter': 4, 'stdout': '\x1b[0;31mSyntax Error while loading YAML.\x1b[0m', 'start_line': 3, 'end_line': 4, 'runner_ident': '8317b36e-f4f8-4408-bc85-4b87cec9bfe2', 'created': '2024-12-17T16:29:26.254326+00:00'}
2024-12-17T16:29:26.263769+00:00 CRITICAL 'ansible_navigator.actions.run_playbook._handle_message' Unhandled message from runner queue, discarded: {'event': 'verbose', 'uuid': '59f151f4-1fbc-400c-9ced-d85c19a0780f', 'counter': 5, 'stdout': "\x1b[0;31m  did not find expected '-' indicator\x1b[0m", 'start_line': 4, 'end_line': 5, 'runner_ident': '8317b36e-f4f8-4408-bc85-4b87cec9bfe2', 'created': '2024-12-17T16:29:26.254375+00:00'}
2024-12-17T16:29:26.263815+00:00 CRITICAL 'ansible_navigator.actions.run_playbook._handle_message' Unhandled message from runner queue, discarded: {'event': 'verbose', 'uuid': 'a1944383-2303-48a3-a1ab-b7fe40af4d90', 'counter': 6, 'stdout': '\x1b[0;31m\x1b[0m', 'start_line': 5, 'end_line': 6, 'runner_ident': '8317b36e-f4f8-4408-bc85-4b87cec9bfe2', 'created': '2024-12-17T16:29:26.254421+00:00'}
2024-12-17T16:29:26.263857+00:00 CRITICAL 'ansible_navigator.actions.run_playbook._handle_message' Unhandled message from runner queue, discarded: {'event': 'verbose', 'uuid': '97f5983c-49fa-437e-b3d8-719136d9a3f0', 'counter': 7, 'stdout': "\x1b[0;31mThe error appears to be in '/home/thanhtut/test/ansible/git_tutorial/Chapter-7/hashing.yml': line 11, column 64, but may\x1b[0m", 'start_line': 6, 'end_line': 7, 'runner_ident': '8317b36e-f4f8-4408-bc85-4b87cec9bfe2', 'created': '2024-12-17T16:29:26.254470+00:00'}
2024-12-17T16:29:26.263914+00:00 CRITICAL 'ansible_navigator.actions.run_playbook._handle_message' Unhandled message from runner queue, discarded: {'event': 'verbose', 'uuid': 'c639cffc-0ba9-44fb-82ea-8009e811dff6', 'counter': 8, 'stdout': '\x1b[0;31mbe elsewhere in the file depending on the exact syntax problem.\x1b[0m', 'start_line': 7, 'end_line': 8, 'runner_ident': '8317b36e-f4f8-4408-bc85-4b87cec9bfe2', 'created': '2024-12-17T16:29:26.254515+00:00'}
2024-12-17T16:29:26.263969+00:00 CRITICAL 'ansible_navigator.actions.run_playbook._handle_message' Unhandled message from runner queue, discarded: {'event': 'verbose', 'uuid': '4033732d-c5f8-4a03-99b6-ab50ba40d166', 'counter': 9, 'stdout': '\x1b[0;31m\x1b[0m', 'start_line': 8, 'end_line': 9, 'runner_ident': '8317b36e-f4f8-4408-bc85-4b87cec9bfe2', 'created': '2024-12-17T16:29:26.254577+00:00'}
2024-12-17T16:29:26.264029+00:00 CRITICAL 'ansible_navigator.actions.run_playbook._handle_message' Unhandled message from runner queue, discarded: {'event': 'verbose', 'uuid': 'a990b70c-d524-4821-946b-eeae81414270', 'counter': 10, 'stdout': '\x1b[0;31mThe offending line appears to be:\x1b[0m', 'start_line': 9, 'end_line': 10, 'runner_ident': '8317b36e-f4f8-4408-bc85-4b87cec9bfe2', 'created': '2024-12-17T16:29:26.254628+00:00'}
2024-12-17T16:29:26.264081+00:00 CRITICAL 'ansible_navigator.actions.run_playbook._handle_message' Unhandled message from runner queue, discarded: {'event': 'verbose', 'uuid': 'dcda98dc-c76e-40f5-af5e-8005cc72b910', 'counter': 11, 'stdout': '\x1b[0;31m\x1b[0m', 'start_line': 10, 'end_line': 11, 'runner_ident': '8317b36e-f4f8-4408-bc85-4b87cec9bfe2', 'created': '2024-12-17T16:29:26.254672+00:00'}
2024-12-17T16:29:26.264121+00:00 CRITICAL 'ansible_navigator.actions.run_playbook._handle_message' Unhandled message from runner queue, discarded: {'event': 'verbose', 'uuid': '9ef24f08-0beb-4fc5-a454-61cc359fb29f', 'counter': 12, 'stdout': '\x1b[0;31m        that:\x1b[0m', 'start_line': 11, 'end_line': 12, 'runner_ident': '8317b36e-f4f8-4408-bc85-4b87cec9bfe2', 'created': '2024-12-17T16:29:26.254711+00:00'}
2024-12-17T16:29:26.264173+00:00 CRITICAL 'ansible_navigator.actions.run_playbook._handle_message' Unhandled message from runner queue, discarded: {'event': 'verbose', 'uuid': '43e7ea5c-6eec-4978-ba77-2451a025b35b', 'counter': 13, 'stdout': '\x1b[0;31m          - "\'{{ \'Arthur\' | hash(\'sha1\') }}\' is eq( expected )"2\x1b[0m', 'start_line': 12, 'end_line': 13, 'runner_ident': '8317b36e-f4f8-4408-bc85-4b87cec9bfe2', 'created': '2024-12-17T16:29:26.254768+00:00'}
2024-12-17T16:29:26.264231+00:00 CRITICAL 'ansible_navigator.actions.run_playbook._handle_message' Unhandled message from runner queue, discarded: {'event': 'verbose', 'uuid': '88299a6f-707e-406e-9743-cc1f7e05ea04', 'counter': 14, 'stdout': '\x1b[0;31m                                                               ^ here\x1b[0m', 'start_line': 13, 'end_line': 14, 'runner_ident': '8317b36e-f4f8-4408-bc85-4b87cec9bfe2', 'created': '2024-12-17T16:29:26.254819+00:00'}
2024-12-17T16:29:26.264284+00:00 CRITICAL 'ansible_navigator.actions.run_playbook._handle_message' Unhandled message from runner queue, discarded: {'event': 'verbose', 'uuid': '6e24dcd5-4acf-4c46-8be6-91fa1088a0ff', 'counter': 15, 'stdout': '\x1b[0;31mWe could be wrong, but this one looks like it might be an issue with\x1b[0m', 'start_line': 14, 'end_line': 15, 'runner_ident': '8317b36e-f4f8-4408-bc85-4b87cec9bfe2', 'created': '2024-12-17T16:29:26.254870+00:00'}
2024-12-17T16:29:26.264339+00:00 CRITICAL 'ansible_navigator.actions.run_playbook._handle_message' Unhandled message from runner queue, discarded: {'event': 'verbose', 'uuid': 'ee4370bc-bf6f-43d8-bf29-8edf6e9c9c79', 'counter': 16, 'stdout': '\x1b[0;31mmissing quotes. Always quote template expression brackets when they\x1b[0m', 'start_line': 15, 'end_line': 16, 'runner_ident': '8317b36e-f4f8-4408-bc85-4b87cec9bfe2', 'created': '2024-12-17T16:29:26.254910+00:00'}
2024-12-17T16:29:26.264401+00:00 CRITICAL 'ansible_navigator.actions.run_playbook._handle_message' Unhandled message from runner queue, discarded: {'event': 'verbose', 'uuid': '82d16f02-7e1d-4a56-8273-f180613f94a4', 'counter': 17, 'stdout': '\x1b[0;31mstart a value. For instance:\x1b[0m', 'start_line': 16, 'end_line': 17, 'runner_ident': '8317b36e-f4f8-4408-bc85-4b87cec9bfe2', 'created': '2024-12-17T16:29:26.254949+00:00'}
2024-12-17T16:29:26.264448+00:00 CRITICAL 'ansible_navigator.actions.run_playbook._handle_message' Unhandled message from runner queue, discarded: {'event': 'verbose', 'uuid': '1f996b42-1e60-416f-b097-29b63bb7635a', 'counter': 18, 'stdout': '\x1b[0;31m\x1b[0m', 'start_line': 17, 'end_line': 18, 'runner_ident': '8317b36e-f4f8-4408-bc85-4b87cec9bfe2', 'created': '2024-12-17T16:29:26.254985+00:00'}
2024-12-17T16:29:26.264492+00:00 CRITICAL 'ansible_navigator.actions.run_playbook._handle_message' Unhandled message from runner queue, discarded: {'event': 'verbose', 'uuid': '01b494a0-6cde-416f-ab9e-d60327b6f8ab', 'counter': 19, 'stdout': '\x1b[0;31m    with_items:\x1b[0m', 'start_line': 18, 'end_line': 19, 'runner_ident': '8317b36e-f4f8-4408-bc85-4b87cec9bfe2', 'created': '2024-12-17T16:29:26.255021+00:00'}
2024-12-17T16:29:26.264535+00:00 CRITICAL 'ansible_navigator.actions.run_playbook._handle_message' Unhandled message from runner queue, discarded: {'event': 'verbose', 'uuid': '71a40502-9d5e-4065-a9d6-bb73c57ff910', 'counter': 20, 'stdout': '\x1b[0;31m      - {{ foo }}\x1b[0m', 'start_line': 19, 'end_line': 20, 'runner_ident': '8317b36e-f4f8-4408-bc85-4b87cec9bfe2', 'created': '2024-12-17T16:29:26.255072+00:00'}
2024-12-17T16:29:26.264599+00:00 CRITICAL 'ansible_navigator.actions.run_playbook._handle_message' Unhandled message from runner queue, discarded: {'event': 'verbose', 'uuid': 'e2f7a08e-928a-4d34-acb7-9ee1a6e89050', 'counter': 21, 'stdout': '\x1b[0;31m\x1b[0m', 'start_line': 20, 'end_line': 21, 'runner_ident': '8317b36e-f4f8-4408-bc85-4b87cec9bfe2', 'created': '2024-12-17T16:29:26.255129+00:00'}
2024-12-17T16:29:26.264650+00:00 CRITICAL 'ansible_navigator.actions.run_playbook._handle_message' Unhandled message from runner queue, discarded: {'event': 'verbose', 'uuid': 'd78869fe-da2d-445a-844c-7a8ec3138e73', 'counter': 22, 'stdout': '\x1b[0;31mShould be written as:\x1b[0m', 'start_line': 21, 'end_line': 22, 'runner_ident': '8317b36e-f4f8-4408-bc85-4b87cec9bfe2', 'created': '2024-12-17T16:29:26.255171+00:00'}
2024-12-17T16:29:26.264698+00:00 CRITICAL 'ansible_navigator.actions.run_playbook._handle_message' Unhandled message from runner queue, discarded: {'event': 'verbose', 'uuid': '738aa4c0-a222-4aac-bfe9-2f9142a71d0a', 'counter': 23, 'stdout': '\x1b[0;31m\x1b[0m', 'start_line': 22, 'end_line': 23, 'runner_ident': '8317b36e-f4f8-4408-bc85-4b87cec9bfe2', 'created': '2024-12-17T16:29:26.255218+00:00'}
2024-12-17T16:29:26.264746+00:00 CRITICAL 'ansible_navigator.actions.run_playbook._handle_message' Unhandled message from runner queue, discarded: {'event': 'verbose', 'uuid': '5c8ac072-42b0-45d4-a329-93eb50fb836c', 'counter': 24, 'stdout': '\x1b[0;31m    with_items:\x1b[0m', 'start_line': 23, 'end_line': 24, 'runner_ident': '8317b36e-f4f8-4408-bc85-4b87cec9bfe2', 'created': '2024-12-17T16:29:26.255269+00:00'}
2024-12-17T16:29:26.264793+00:00 CRITICAL 'ansible_navigator.actions.run_playbook._handle_message' Unhandled message from runner queue, discarded: {'event': 'verbose', 'uuid': '57c82ac4-a0c8-4ee0-804b-8fe5663fc521', 'counter': 25, 'stdout': '\x1b[0;31m      - "{{ foo }}"\x1b[0m', 'start_line': 24, 'end_line': 25, 'runner_ident': '8317b36e-f4f8-4408-bc85-4b87cec9bfe2', 'created': '2024-12-17T16:29:26.255326+00:00'}
2024-12-17T16:31:42.429739+00:00 CRITICAL 'ansible_navigator.actions.run_playbook._handle_message' Unhandled message from runner queue, discarded: {'event': 'verbose', 'uuid': '34dbb9d5-600e-4e7f-8738-6ef8f2f95ec1', 'counter': 1, 'stdout': '\x1b[0;31mERROR! conflicting action statements: nmae, ansible.builtin.debug\x1b[0m', 'start_line': 0, 'end_line': 1, 'runner_ident': 'ded9e11d-e75b-48c5-a09a-29c5eb0c4272', 'created': '2024-12-17T16:31:42.422027+00:00'}
2024-12-17T16:31:42.430274+00:00 CRITICAL 'ansible_navigator.actions.run_playbook._handle_message' Unhandled message from runner queue, discarded: {'event': 'verbose', 'uuid': '464e3219-d9a3-45c7-aa85-d1c3fcb061a4', 'counter': 2, 'stdout': '\x1b[0;31m\x1b[0m', 'start_line': 1, 'end_line': 2, 'runner_ident': 'ded9e11d-e75b-48c5-a09a-29c5eb0c4272', 'created': '2024-12-17T16:31:42.422218+00:00'}
2024-12-17T16:31:42.430335+00:00 CRITICAL 'ansible_navigator.actions.run_playbook._handle_message' Unhandled message from runner queue, discarded: {'event': 'verbose', 'uuid': '169ce12b-9b26-40c9-821b-ff48813b1229', 'counter': 3, 'stdout': "\x1b[0;31mThe error appears to be in '/home/thanhtut/test/ansible/git_tutorial/Chapter-7/hashing.yml': line 13, column 7, but may\x1b[0m", 'start_line': 2, 'end_line': 3, 'runner_ident': 'ded9e11d-e75b-48c5-a09a-29c5eb0c4272', 'created': '2024-12-17T16:31:42.422282+00:00'}
2024-12-17T16:31:42.430389+00:00 CRITICAL 'ansible_navigator.actions.run_playbook._handle_message' Unhandled message from runner queue, discarded: {'event': 'verbose', 'uuid': '8eb43813-16df-4c81-af16-49e9d7e33ea7', 'counter': 4, 'stdout': '\x1b[0;31mbe elsewhere in the file depending on the exact syntax problem.\x1b[0m', 'start_line': 3, 'end_line': 4, 'runner_ident': 'ded9e11d-e75b-48c5-a09a-29c5eb0c4272', 'created': '2024-12-17T16:31:42.422334+00:00'}
2024-12-17T16:31:42.430444+00:00 CRITICAL 'ansible_navigator.actions.run_playbook._handle_message' Unhandled message from runner queue, discarded: {'event': 'verbose', 'uuid': '1398a607-1313-465a-a067-b5a317b32191', 'counter': 5, 'stdout': '\x1b[0;31m\x1b[0m', 'start_line': 4, 'end_line': 5, 'runner_ident': 'ded9e11d-e75b-48c5-a09a-29c5eb0c4272', 'created': '2024-12-17T16:31:42.422374+00:00'}
2024-12-17T16:31:42.430519+00:00 CRITICAL 'ansible_navigator.actions.run_playbook._handle_message' Unhandled message from runner queue, discarded: {'event': 'verbose', 'uuid': '743591da-091e-498e-aaf8-d8b6df84feb6', 'counter': 6, 'stdout': '\x1b[0;31mThe offending line appears to be:\x1b[0m', 'start_line': 5, 'end_line': 6, 'runner_ident': 'ded9e11d-e75b-48c5-a09a-29c5eb0c4272', 'created': '2024-12-17T16:31:42.422410+00:00'}
2024-12-17T16:31:42.430589+00:00 CRITICAL 'ansible_navigator.actions.run_playbook._handle_message' Unhandled message from runner queue, discarded: {'event': 'verbose', 'uuid': '5df7d194-34af-4c09-8a33-c868322cf283', 'counter': 7, 'stdout': '\x1b[0;31m\x1b[0m', 'start_line': 6, 'end_line': 7, 'runner_ident': 'ded9e11d-e75b-48c5-a09a-29c5eb0c4272', 'created': '2024-12-17T16:31:42.422445+00:00'}
2024-12-17T16:31:42.430632+00:00 CRITICAL 'ansible_navigator.actions.run_playbook._handle_message' Unhandled message from runner queue, discarded: {'event': 'verbose', 'uuid': '1de65782-cf95-40b8-b8e2-6bb09265d5c2', 'counter': 8, 'stdout': '\x1b[0;31m\x1b[0m', 'start_line': 7, 'end_line': 8, 'runner_ident': 'ded9e11d-e75b-48c5-a09a-29c5eb0c4272', 'created': '2024-12-17T16:31:42.422480+00:00'}
2024-12-17T16:31:42.430676+00:00 CRITICAL 'ansible_navigator.actions.run_playbook._handle_message' Unhandled message from runner queue, discarded: {'event': 'verbose', 'uuid': '5004cb3a-af86-4500-b5d4-2e2ee36946c8', 'counter': 9, 'stdout': '\x1b[0;31m    - nmae: password hash sha-512\x1b[0m', 'start_line': 8, 'end_line': 9, 'runner_ident': 'ded9e11d-e75b-48c5-a09a-29c5eb0c4272', 'created': '2024-12-17T16:31:42.422517+00:00'}
2024-12-17T16:31:42.430717+00:00 CRITICAL 'ansible_navigator.actions.run_playbook._handle_message' Unhandled message from runner queue, discarded: {'event': 'verbose', 'uuid': '2c7026db-2466-4ab8-a4e6-f91bedc5cc8c', 'counter': 10, 'stdout': '\x1b[0;31m      ^ here\x1b[0m', 'start_line': 9, 'end_line': 10, 'runner_ident': 'ded9e11d-e75b-48c5-a09a-29c5eb0c4272', 'created': '2024-12-17T16:31:42.422570+00:00'}
2024-12-18T04:56:25.536473+00:00 CRITICAL 'ansible_navigator.actions.run_playbook._handle_message' Unhandled message from runner queue, discarded: {'event': 'verbose', 'uuid': 'db77da81-dcfe-4e66-ab56-a45eb623af43', 'counter': 1, 'stdout': '\x1b[0;31mERROR! conflicting action statements: name;, ansible.builtin.debug\x1b[0m', 'start_line': 0, 'end_line': 1, 'runner_ident': 'e93e5c7b-9269-4041-bbd6-3c087eb2da8a', 'created': '2024-12-18T04:56:25.532718+00:00'}
2024-12-18T04:56:25.537145+00:00 CRITICAL 'ansible_navigator.actions.run_playbook._handle_message' Unhandled message from runner queue, discarded: {'event': 'verbose', 'uuid': '312ddd1f-76cb-4a8d-b0fc-9924064fc974', 'counter': 2, 'stdout': '\x1b[0;31m\x1b[0m', 'start_line': 1, 'end_line': 2, 'runner_ident': 'e93e5c7b-9269-4041-bbd6-3c087eb2da8a', 'created': '2024-12-18T04:56:25.532948+00:00'}
2024-12-18T04:56:25.537247+00:00 CRITICAL 'ansible_navigator.actions.run_playbook._handle_message' Unhandled message from runner queue, discarded: {'event': 'verbose', 'uuid': 'b9a23f05-a31d-429b-9cff-b9e645e9ebbd', 'counter': 3, 'stdout': "\x1b[0;31mThe error appears to be in '/home/thanhtut/test/ansible/git_tutorial/Chapter-7/map.yml': line 19, column 7, but may\x1b[0m", 'start_line': 2, 'end_line': 3, 'runner_ident': 'e93e5c7b-9269-4041-bbd6-3c087eb2da8a', 'created': '2024-12-18T04:56:25.533009+00:00'}
2024-12-18T04:56:25.537317+00:00 CRITICAL 'ansible_navigator.actions.run_playbook._handle_message' Unhandled message from runner queue, discarded: {'event': 'verbose', 'uuid': '6dbe2374-b8e4-494e-9110-dcacc4723ff1', 'counter': 4, 'stdout': '\x1b[0;31mbe elsewhere in the file depending on the exact syntax problem.\x1b[0m', 'start_line': 3, 'end_line': 4, 'runner_ident': 'e93e5c7b-9269-4041-bbd6-3c087eb2da8a', 'created': '2024-12-18T04:56:25.533084+00:00'}
2024-12-18T04:56:25.537364+00:00 CRITICAL 'ansible_navigator.actions.run_playbook._handle_message' Unhandled message from runner queue, discarded: {'event': 'verbose', 'uuid': '1d5a70c1-f009-4e77-8eda-c8786b5bde88', 'counter': 5, 'stdout': '\x1b[0;31m\x1b[0m', 'start_line': 4, 'end_line': 5, 'runner_ident': 'e93e5c7b-9269-4041-bbd6-3c087eb2da8a', 'created': '2024-12-18T04:56:25.533139+00:00'}
2024-12-18T04:56:25.537410+00:00 CRITICAL 'ansible_navigator.actions.run_playbook._handle_message' Unhandled message from runner queue, discarded: {'event': 'verbose', 'uuid': 'a93b28f1-7b27-4f6f-a840-4fb6747d657e', 'counter': 6, 'stdout': '\x1b[0;31mThe offending line appears to be:\x1b[0m', 'start_line': 5, 'end_line': 6, 'runner_ident': 'e93e5c7b-9269-4041-bbd6-3c087eb2da8a', 'created': '2024-12-18T04:56:25.533188+00:00'}
2024-12-18T04:56:25.537453+00:00 CRITICAL 'ansible_navigator.actions.run_playbook._handle_message' Unhandled message from runner queue, discarded: {'event': 'verbose', 'uuid': '9ea378d3-675b-414a-bdda-ab90e515be79', 'counter': 7, 'stdout': '\x1b[0;31m\x1b[0m', 'start_line': 6, 'end_line': 7, 'runner_ident': 'e93e5c7b-9269-4041-bbd6-3c087eb2da8a', 'created': '2024-12-18T04:56:25.533231+00:00'}
2024-12-18T04:56:25.537500+00:00 CRITICAL 'ansible_navigator.actions.run_playbook._handle_message' Unhandled message from runner queue, discarded: {'event': 'verbose', 'uuid': '13fc0ddd-a14d-4271-8a9b-79be78c606be', 'counter': 8, 'stdout': '\x1b[0;31m\x1b[0m', 'start_line': 7, 'end_line': 8, 'runner_ident': 'e93e5c7b-9269-4041-bbd6-3c087eb2da8a', 'created': '2024-12-18T04:56:25.533275+00:00'}
2024-12-18T04:56:25.537545+00:00 CRITICAL 'ansible_navigator.actions.run_playbook._handle_message' Unhandled message from runner queue, discarded: {'event': 'verbose', 'uuid': '6d83d4e0-eb10-49b5-838e-97d9ab9f6f3d', 'counter': 9, 'stdout': '\x1b[0;31m    - name;: debug find path list\x1b[0m', 'start_line': 8, 'end_line': 9, 'runner_ident': 'e93e5c7b-9269-4041-bbd6-3c087eb2da8a', 'created': '2024-12-18T04:56:25.533320+00:00'}
2024-12-18T04:56:25.537586+00:00 CRITICAL 'ansible_navigator.actions.run_playbook._handle_message' Unhandled message from runner queue, discarded: {'event': 'verbose', 'uuid': 'e40ceab4-5883-4af1-be3f-b24311fea75a', 'counter': 10, 'stdout': '\x1b[0;31m      ^ here\x1b[0m', 'start_line': 9, 'end_line': 10, 'runner_ident': 'e93e5c7b-9269-4041-bbd6-3c087eb2da8a', 'created': '2024-12-18T04:56:25.533385+00:00'}
2024-12-18T04:58:02.273429+00:00 INFO 'ansible_navigator.setup_logger' New ansible-navigator instance, logging initialized
2024-12-18T04:58:02.273687+00:00 INFO 'ansible_navigator.setup_logger' New ansible-runner instance, logging initialized
2024-12-18T04:58:02.273728+00:00 DEBUG 'ansible_navigator.main' MarkupSafe==3.0.2 
2024-12-18T04:58:02.273757+00:00 DEBUG 'ansible_navigator.main' Parsley==1.3 
2024-12-18T04:58:02.273782+00:00 DEBUG 'ansible_navigator.main' PyYAML==6.0.2 
2024-12-18T04:58:02.273805+00:00 DEBUG 'ansible_navigator.main' ansible-builder==3.1.0 
2024-12-18T04:58:02.273827+00:00 DEBUG 'ansible_navigator.main' ansible-compat==24.10.0 
2024-12-18T04:58:02.273849+00:00 DEBUG 'ansible_navigator.main' ansible-core==2.17.6 
2024-12-18T04:58:02.273870+00:00 DEBUG 'ansible_navigator.main' ansible-lint==24.10.0 
2024-12-18T04:58:02.273892+00:00 DEBUG 'ansible_navigator.main' ansible-navigator==24.10.0 
2024-12-18T04:58:02.273913+00:00 DEBUG 'ansible_navigator.main' ansible-runner==2.4.0 
2024-12-18T04:58:02.273934+00:00 DEBUG 'ansible_navigator.main' ansible==10.6.0 /home/thanhtut/test/ansible/lib/python3.10/site-packages/ansible/__init__.py
2024-12-18T04:58:02.273955+00:00 DEBUG 'ansible_navigator.main' bindep==2.11.0 /home/thanhtut/test/ansible/lib/python3.10/site-packages/bindep/__init__.py
2024-12-18T04:58:02.273976+00:00 DEBUG 'ansible_navigator.main' boto3==1.35.71 /home/thanhtut/test/ansible/lib/python3.10/site-packages/boto3/__init__.py
2024-12-18T04:58:02.273996+00:00 DEBUG 'ansible_navigator.main' botocore==1.35.71 /home/thanhtut/test/ansible/lib/python3.10/site-packages/botocore/__init__.py
2024-12-18T04:58:02.274018+00:00 DEBUG 'ansible_navigator.main' cffi==1.17.1 /home/thanhtut/test/ansible/lib/python3.10/site-packages/cffi/__init__.py
2024-12-18T04:58:02.274054+00:00 DEBUG 'ansible_navigator.main' click==8.1.7 /home/thanhtut/test/ansible/lib/python3.10/site-packages/click/__init__.py
2024-12-18T04:58:02.274087+00:00 DEBUG 'ansible_navigator.main' distro==1.9.0 /home/thanhtut/test/ansible/lib/python3.10/site-packages/distro/__init__.py
2024-12-18T04:58:02.274107+00:00 DEBUG 'ansible_navigator.main' importlib_metadata==8.5.0 /home/thanhtut/test/ansible/lib/python3.10/site-packages/importlib_metadata/__init__.py
2024-12-18T04:58:02.274125+00:00 DEBUG 'ansible_navigator.main' jmespath==1.0.1 /home/thanhtut/test/ansible/lib/python3.10/site-packages/jmespath/__init__.py
2024-12-18T04:58:02.274143+00:00 DEBUG 'ansible_navigator.main' lockfile==0.12.2 /home/thanhtut/test/ansible/lib/python3.10/site-packages/lockfile/__init__.py
2024-12-18T04:58:02.274160+00:00 DEBUG 'ansible_navigator.main' mypy-extensions==1.0.0 
2024-12-18T04:58:02.274177+00:00 DEBUG 'ansible_navigator.main' onigurumacffi==1.3.0 /home/thanhtut/test/ansible/lib/python3.10/site-packages/onigurumacffi.py
2024-12-18T04:58:02.274193+00:00 DEBUG 'ansible_navigator.main' passlib==1.7.4 /home/thanhtut/test/ansible/lib/python3.10/site-packages/passlib/__init__.py
2024-12-18T04:58:02.274211+00:00 DEBUG 'ansible_navigator.main' pbr==6.1.0 /home/thanhtut/test/ansible/lib/python3.10/site-packages/pbr/__init__.py
2024-12-18T04:58:02.274230+00:00 DEBUG 'ansible_navigator.main' pexpect==4.9.0 /home/thanhtut/test/ansible/lib/python3.10/site-packages/pexpect/__init__.py
2024-12-18T04:58:02.274247+00:00 DEBUG 'ansible_navigator.main' pip==24.3.1 /home/thanhtut/test/ansible/lib/python3.10/site-packages/pip/__init__.py
2024-12-18T04:58:02.274265+00:00 DEBUG 'ansible_navigator.main' pycparser==2.22 /home/thanhtut/test/ansible/lib/python3.10/site-packages/pycparser/__init__.py
2024-12-18T04:58:02.274282+00:00 DEBUG 'ansible_navigator.main' python-daemon==3.1.0 
2024-12-18T04:58:02.274300+00:00 DEBUG 'ansible_navigator.main' python-dateutil==2.9.0.post0 
2024-12-18T04:58:02.274316+00:00 DEBUG 'ansible_navigator.main' resolvelib==1.0.1 /home/thanhtut/test/ansible/lib/python3.10/site-packages/resolvelib/__init__.py
2024-12-18T04:58:02.274333+00:00 DEBUG 'ansible_navigator.main' ruamel.yaml.clib==0.2.12 
2024-12-18T04:58:02.274359+00:00 DEBUG 'ansible_navigator.main' ruamel.yaml==0.18.6 /home/thanhtut/test/ansible/lib/python3.10/site-packages/ruamel/yaml/__init__.py
2024-12-18T04:58:02.274377+00:00 DEBUG 'ansible_navigator.main' s3transfer==0.10.4 /home/thanhtut/test/ansible/lib/python3.10/site-packages/s3transfer/__init__.py
2024-12-18T04:58:02.274394+00:00 DEBUG 'ansible_navigator.main' setuptools==75.6.0 /home/thanhtut/test/ansible/lib/python3.10/site-packages/setuptools/__init__.py
2024-12-18T04:58:02.274409+00:00 DEBUG 'ansible_navigator.main' six==1.16.0 /home/thanhtut/test/ansible/lib/python3.10/site-packages/six.py
2024-12-18T04:58:02.274424+00:00 DEBUG 'ansible_navigator.main' subprocess-tee==0.4.2 
2024-12-18T04:58:02.274439+00:00 DEBUG 'ansible_navigator.main' tzdata==2024.2 /home/thanhtut/test/ansible/lib/python3.10/site-packages/tzdata/__init__.py
2024-12-18T04:58:02.274454+00:00 DEBUG 'ansible_navigator.main' yamllint==1.35.1 /home/thanhtut/test/ansible/lib/python3.10/site-packages/yamllint/__init__.py
2024-12-18T04:58:02.274469+00:00 DEBUG 'ansible_navigator.main' zipp==3.21.0 /home/thanhtut/test/ansible/lib/python3.10/site-packages/zipp/__init__.py
2024-12-18T04:58:02.274485+00:00 DEBUG 'ansible_navigator.main' Default collection_doc_cache_path set to: /home/thanhtut/.cache/ansible-navigator/collection_doc_cache.db
2024-12-18T04:58:02.274500+00:00 DEBUG 'ansible_navigator.main' EDITOR environment variable not set
2024-12-18T04:58:02.274517+00:00 DEBUG 'ansible_navigator.main' Default editor_command set to: vi +{line_number} {filename}
2024-12-18T04:58:02.274532+00:00 DEBUG 'ansible_navigator.main' No config file set by ANSIBLE_NAVIGATOR_CONFIG
2024-12-18T04:58:02.274547+00:00 DEBUG 'ansible_navigator.main' Looking in /home/thanhtut/.ansible-navigator
2024-12-18T04:58:02.274562+00:00 DEBUG 'ansible_navigator.main' Looking for '/home/thanhtut/.ansible-navigator.yml', '/home/thanhtut/.ansible-navigator.yaml' and '/home/thanhtut/.ansible-navigator.json'
2024-12-18T04:58:02.274578+00:00 DEBUG 'ansible_navigator.main' Found 0: 
2024-12-18T04:58:02.274594+00:00 DEBUG 'ansible_navigator.main' Looking in /home/thanhtut/test/ansible/git_tutorial/Chapter-7/ansible-navigator
2024-12-18T04:58:02.274609+00:00 DEBUG 'ansible_navigator.main' Looking for '/home/thanhtut/test/ansible/git_tutorial/Chapter-7/ansible-navigator.yml', '/home/thanhtut/test/ansible/git_tutorial/Chapter-7/ansible-navigator.yaml' and '/home/thanhtut/test/ansible/git_tutorial/Chapter-7/ansible-navigator.json'
2024-12-18T04:58:02.274630+00:00 DEBUG 'ansible_navigator.main' Found 0: 
2024-12-18T04:58:02.274646+00:00 DEBUG 'ansible_navigator.main' All found 0: 
2024-12-18T04:58:02.274661+00:00 DEBUG 'ansible_navigator.main' Using: None
2024-12-18T04:58:02.274676+00:00 DEBUG 'ansible_navigator.main' No valid settings file found, using all default values for settings.
2024-12-18T04:58:02.274691+00:00 DEBUG 'ansible_navigator.main' Command provided: 'setting --help'
2024-12-18T04:58:02.274708+00:00 WARNING 'ansible_navigator.main' Configuration errors encountered, rolling back to previous configuration.
2024-12-18T04:58:02.274725+00:00 DEBUG 'ansible_navigator.main' Prior to rollback: ansible_runner_artifact_dir = 'Not set' (Constants/Not set)
2024-12-18T04:58:02.274740+00:00 DEBUG 'ansible_navigator.main' Prior to rollback: ansible_runner_rotate_artifacts_count = 'Not set' (Constants/Not set)
2024-12-18T04:58:02.274755+00:00 DEBUG 'ansible_navigator.main' Prior to rollback: ansible_runner_timeout = 'Not set' (Constants/Not set)
2024-12-18T04:58:02.274770+00:00 DEBUG 'ansible_navigator.main' Prior to rollback: ansible_runner_write_job_events = 'False' (bool/Defaults)
2024-12-18T04:58:02.274786+00:00 DEBUG 'ansible_navigator.main' Prior to rollback: app = 'welcome' (str/Defaults)
2024-12-18T04:58:02.274800+00:00 DEBUG 'ansible_navigator.main' Prior to rollback: cmdline = '['setting', '--help']' (list/Command line)
2024-12-18T04:58:02.274815+00:00 DEBUG 'ansible_navigator.main' Prior to rollback: collection_doc_cache_path = '/home/thanhtut/.cache/ansible-navigator/collection_doc_cache.db' (str/Defaults)
2024-12-18T04:58:02.274834+00:00 DEBUG 'ansible_navigator.main' Prior to rollback: config = 'Not set' (Constants/Not set)
2024-12-18T04:58:02.274851+00:00 DEBUG 'ansible_navigator.main' Prior to rollback: container_engine = 'auto' (str/Defaults)
2024-12-18T04:58:02.274867+00:00 DEBUG 'ansible_navigator.main' Prior to rollback: container_options = 'Not set' (Constants/Not set)
2024-12-18T04:58:02.274883+00:00 DEBUG 'ansible_navigator.main' Prior to rollback: display_color = 'True' (bool/Defaults)
2024-12-18T04:58:02.274899+00:00 DEBUG 'ansible_navigator.main' Prior to rollback: editor_command = 'vi +{line_number} {filename}' (str/Defaults)
2024-12-18T04:58:02.274914+00:00 DEBUG 'ansible_navigator.main' Prior to rollback: editor_console = 'True' (bool/Defaults)
2024-12-18T04:58:02.274929+00:00 DEBUG 'ansible_navigator.main' Prior to rollback: enable_prompts = 'False' (bool/Defaults)
2024-12-18T04:58:02.274943+00:00 DEBUG 'ansible_navigator.main' Prior to rollback: exec_command = '/bin/bash' (str/Defaults)
2024-12-18T04:58:02.274958+00:00 DEBUG 'ansible_navigator.main' Prior to rollback: exec_shell = 'True' (bool/Defaults)
2024-12-18T04:58:02.274973+00:00 DEBUG 'ansible_navigator.main' Prior to rollback: execution_environment = 'True' (bool/Defaults)
2024-12-18T04:58:02.274988+00:00 DEBUG 'ansible_navigator.main' Prior to rollback: execution_environment_image = 'ghcr.io/ansible/community-ansible-dev-tools:latest' (str/Defaults)
2024-12-18T04:58:02.275003+00:00 DEBUG 'ansible_navigator.main' Prior to rollback: execution_environment_volume_mounts = 'Not set' (Constants/Not set)
2024-12-18T04:58:02.275018+00:00 DEBUG 'ansible_navigator.main' Prior to rollback: format = 'yaml' (str/Defaults)
2024-12-18T04:58:02.275033+00:00 DEBUG 'ansible_navigator.main' Prior to rollback: help_builder = 'False' (bool/Defaults)
2024-12-18T04:58:02.275064+00:00 DEBUG 'ansible_navigator.main' Prior to rollback: help_config = 'False' (bool/Defaults)
2024-12-18T04:58:02.275080+00:00 DEBUG 'ansible_navigator.main' Prior to rollback: help_doc = 'False' (bool/Defaults)
2024-12-18T04:58:02.275096+00:00 DEBUG 'ansible_navigator.main' Prior to rollback: help_inventory = 'False' (bool/Defaults)
2024-12-18T04:58:02.275118+00:00 DEBUG 'ansible_navigator.main' Prior to rollback: help_playbook = 'False' (bool/Defaults)
2024-12-18T04:58:02.275141+00:00 DEBUG 'ansible_navigator.main' Prior to rollback: images_details = '['everything']' (list/Defaults)
2024-12-18T04:58:02.275159+00:00 DEBUG 'ansible_navigator.main' Prior to rollback: inventory = 'Not set' (Constants/Not set)
2024-12-18T04:58:02.275174+00:00 DEBUG 'ansible_navigator.main' Prior to rollback: inventory_column = 'Not set' (Constants/Not set)
2024-12-18T04:58:02.275189+00:00 DEBUG 'ansible_navigator.main' Prior to rollback: lint_config = 'Not set' (Constants/Not set)
2024-12-18T04:58:02.275204+00:00 DEBUG 'ansible_navigator.main' Prior to rollback: lintables = 'Not set' (Constants/Not set)
2024-12-18T04:58:02.275219+00:00 DEBUG 'ansible_navigator.main' Prior to rollback: log_append = 'True' (bool/Defaults)
2024-12-18T04:58:02.275234+00:00 DEBUG 'ansible_navigator.main' Prior to rollback: log_file = '/home/thanhtut/test/ansible/git_tutorial/Chapter-7/ansible-navigator.log' (str/Defaults)
2024-12-18T04:58:02.275249+00:00 DEBUG 'ansible_navigator.main' Prior to rollback: log_level = 'warning' (str/Defaults)
2024-12-18T04:58:02.275265+00:00 DEBUG 'ansible_navigator.main' Prior to rollback: mode = 'interactive' (str/Defaults)
2024-12-18T04:58:02.275279+00:00 DEBUG 'ansible_navigator.main' Prior to rollback: osc4 = 'True' (bool/Defaults)
2024-12-18T04:58:02.275294+00:00 DEBUG 'ansible_navigator.main' Prior to rollback: pass_environment_variable = 'Not set' (Constants/Not set)
2024-12-18T04:58:02.275309+00:00 DEBUG 'ansible_navigator.main' Prior to rollback: playbook = 'Not set' (Constants/Not set)
2024-12-18T04:58:02.275323+00:00 DEBUG 'ansible_navigator.main' Prior to rollback: playbook_artifact_enable = 'True' (bool/Defaults)
2024-12-18T04:58:02.275343+00:00 DEBUG 'ansible_navigator.main' Prior to rollback: playbook_artifact_replay = 'Not set' (Constants/Not set)
2024-12-18T04:58:02.275359+00:00 DEBUG 'ansible_navigator.main' Prior to rollback: playbook_artifact_save_as = '{playbook_dir}/{playbook_name}-artifact-{time_stamp}.json' (str/Defaults)
2024-12-18T04:58:02.275375+00:00 DEBUG 'ansible_navigator.main' Prior to rollback: plugin_name = 'Not set' (Constants/Not set)
2024-12-18T04:58:02.275389+00:00 DEBUG 'ansible_navigator.main' Prior to rollback: plugin_type = 'module' (str/Defaults)
2024-12-18T04:58:02.275404+00:00 DEBUG 'ansible_navigator.main' Prior to rollback: pull_arguments = 'Not set' (Constants/Not set)
2024-12-18T04:58:02.275419+00:00 DEBUG 'ansible_navigator.main' Prior to rollback: pull_policy = 'tag' (str/Defaults)
2024-12-18T04:58:02.275434+00:00 DEBUG 'ansible_navigator.main' Prior to rollback: set_environment_variable = 'Not set' (Constants/Not set)
2024-12-18T04:58:02.275449+00:00 DEBUG 'ansible_navigator.main' Prior to rollback: settings_effective = 'False' (bool/Defaults)
2024-12-18T04:58:02.275464+00:00 DEBUG 'ansible_navigator.main' Prior to rollback: settings_sample = 'False' (bool/Defaults)
2024-12-18T04:58:02.275478+00:00 DEBUG 'ansible_navigator.main' Prior to rollback: settings_schema = 'json' (str/Defaults)
2024-12-18T04:58:02.275493+00:00 DEBUG 'ansible_navigator.main' Prior to rollback: settings_sources = 'False' (bool/Defaults)
2024-12-18T04:58:02.275507+00:00 DEBUG 'ansible_navigator.main' Prior to rollback: time_zone = 'UTC' (str/Defaults)
2024-12-18T04:58:02.275522+00:00 DEBUG 'ansible_navigator.main' Prior to rollback: workdir = '/home/thanhtut/test/ansible/git_tutorial/Chapter-7' (str/Defaults)
2024-12-18T04:58:02.275537+00:00 DEBUG 'ansible_navigator.main' After rollback: ansible_runner_artifact_dir = 'Not set' (Constants/Not set)
2024-12-18T04:58:02.275551+00:00 DEBUG 'ansible_navigator.main' After rollback: ansible_runner_rotate_artifacts_count = 'Not set' (Constants/Not set)
2024-12-18T04:58:02.275566+00:00 DEBUG 'ansible_navigator.main' After rollback: ansible_runner_timeout = 'Not set' (Constants/Not set)
2024-12-18T04:58:02.275580+00:00 DEBUG 'ansible_navigator.main' After rollback: ansible_runner_write_job_events = 'Not set' (Constants/Not set)
2024-12-18T04:58:02.275595+00:00 DEBUG 'ansible_navigator.main' After rollback: app = 'Not set' (Constants/Not set)
2024-12-18T04:58:02.275610+00:00 DEBUG 'ansible_navigator.main' After rollback: cmdline = 'Not set' (Constants/Not set)
2024-12-18T04:58:02.275625+00:00 DEBUG 'ansible_navigator.main' After rollback: collection_doc_cache_path = 'Not set' (Constants/Not set)
2024-12-18T04:58:02.275639+00:00 DEBUG 'ansible_navigator.main' After rollback: config = 'Not set' (Constants/Not set)
2024-12-18T04:58:02.275654+00:00 DEBUG 'ansible_navigator.main' After rollback: container_engine = 'Not set' (Constants/Not set)
2024-12-18T04:58:02.275668+00:00 DEBUG 'ansible_navigator.main' After rollback: container_options = 'Not set' (Constants/Not set)
2024-12-18T04:58:02.275683+00:00 DEBUG 'ansible_navigator.main' After rollback: display_color = 'Not set' (Constants/Not set)
2024-12-18T04:58:02.275698+00:00 DEBUG 'ansible_navigator.main' After rollback: editor_command = 'Not set' (Constants/Not set)
2024-12-18T04:58:02.275712+00:00 DEBUG 'ansible_navigator.main' After rollback: editor_console = 'Not set' (Constants/Not set)
2024-12-18T04:58:02.275727+00:00 DEBUG 'ansible_navigator.main' After rollback: enable_prompts = 'Not set' (Constants/Not set)
2024-12-18T04:58:02.275741+00:00 DEBUG 'ansible_navigator.main' After rollback: exec_command = 'Not set' (Constants/Not set)
2024-12-18T04:58:02.275755+00:00 DEBUG 'ansible_navigator.main' After rollback: exec_shell = 'Not set' (Constants/Not set)
2024-12-18T04:58:02.275770+00:00 DEBUG 'ansible_navigator.main' After rollback: execution_environment = 'Not set' (Constants/Not set)
2024-12-18T04:58:02.275784+00:00 DEBUG 'ansible_navigator.main' After rollback: execution_environment_image = 'Not set' (Constants/Not set)
2024-12-18T04:58:02.275803+00:00 DEBUG 'ansible_navigator.main' After rollback: execution_environment_volume_mounts = 'Not set' (Constants/Not set)
2024-12-18T04:58:02.275818+00:00 DEBUG 'ansible_navigator.main' After rollback: format = 'Not set' (Constants/Not set)
2024-12-18T04:58:02.275833+00:00 DEBUG 'ansible_navigator.main' After rollback: help_builder = 'Not set' (Constants/Not set)
2024-12-18T04:58:02.275848+00:00 DEBUG 'ansible_navigator.main' After rollback: help_config = 'Not set' (Constants/Not set)
2024-12-18T04:58:02.275862+00:00 DEBUG 'ansible_navigator.main' After rollback: help_doc = 'Not set' (Constants/Not set)
2024-12-18T04:58:02.275877+00:00 DEBUG 'ansible_navigator.main' After rollback: help_inventory = 'Not set' (Constants/Not set)
2024-12-18T04:58:02.275892+00:00 DEBUG 'ansible_navigator.main' After rollback: help_playbook = 'Not set' (Constants/Not set)
2024-12-18T04:58:02.275906+00:00 DEBUG 'ansible_navigator.main' After rollback: images_details = 'Not set' (Constants/Not set)
2024-12-18T04:58:02.275921+00:00 DEBUG 'ansible_navigator.main' After rollback: inventory = 'Not set' (Constants/Not set)
2024-12-18T04:58:02.275935+00:00 DEBUG 'ansible_navigator.main' After rollback: inventory_column = 'Not set' (Constants/Not set)
2024-12-18T04:58:02.275949+00:00 DEBUG 'ansible_navigator.main' After rollback: lint_config = 'Not set' (Constants/Not set)
2024-12-18T04:58:02.275964+00:00 DEBUG 'ansible_navigator.main' After rollback: lintables = 'Not set' (Constants/Not set)
2024-12-18T04:58:02.275979+00:00 DEBUG 'ansible_navigator.main' After rollback: log_append = 'Not set' (Constants/Not set)
2024-12-18T04:58:02.275994+00:00 DEBUG 'ansible_navigator.main' After rollback: log_file = 'Not set' (Constants/Not set)
2024-12-18T04:58:02.276008+00:00 DEBUG 'ansible_navigator.main' After rollback: log_level = 'Not set' (Constants/Not set)
2024-12-18T04:58:02.276022+00:00 DEBUG 'ansible_navigator.main' After rollback: mode = 'Not set' (Constants/Not set)
2024-12-18T04:58:02.276045+00:00 DEBUG 'ansible_navigator.main' After rollback: osc4 = 'Not set' (Constants/Not set)
2024-12-18T04:58:02.276073+00:00 DEBUG 'ansible_navigator.main' After rollback: pass_environment_variable = 'Not set' (Constants/Not set)
2024-12-18T04:58:02.276091+00:00 DEBUG 'ansible_navigator.main' After rollback: playbook = 'Not set' (Constants/Not set)
2024-12-18T04:58:02.276108+00:00 DEBUG 'ansible_navigator.main' After rollback: playbook_artifact_enable = 'Not set' (Constants/Not set)
2024-12-18T04:58:02.276123+00:00 DEBUG 'ansible_navigator.main' After rollback: playbook_artifact_replay = 'Not set' (Constants/Not set)
2024-12-18T04:58:02.276138+00:00 DEBUG 'ansible_navigator.main' After rollback: playbook_artifact_save_as = 'Not set' (Constants/Not set)
2024-12-18T04:58:02.276153+00:00 DEBUG 'ansible_navigator.main' After rollback: plugin_name = 'Not set' (Constants/Not set)
2024-12-18T04:58:02.276167+00:00 DEBUG 'ansible_navigator.main' After rollback: plugin_type = 'Not set' (Constants/Not set)
2024-12-18T04:58:02.276182+00:00 DEBUG 'ansible_navigator.main' After rollback: pull_arguments = 'Not set' (Constants/Not set)
2024-12-18T04:58:02.276197+00:00 DEBUG 'ansible_navigator.main' After rollback: pull_policy = 'Not set' (Constants/Not set)
2024-12-18T04:58:02.276211+00:00 DEBUG 'ansible_navigator.main' After rollback: set_environment_variable = 'Not set' (Constants/Not set)
2024-12-18T04:58:02.276225+00:00 DEBUG 'ansible_navigator.main' After rollback: settings_effective = 'Not set' (Constants/Not set)
2024-12-18T04:58:02.276240+00:00 DEBUG 'ansible_navigator.main' After rollback: settings_sample = 'Not set' (Constants/Not set)
2024-12-18T04:58:02.276255+00:00 DEBUG 'ansible_navigator.main' After rollback: settings_schema = 'Not set' (Constants/Not set)
2024-12-18T04:58:02.276269+00:00 DEBUG 'ansible_navigator.main' After rollback: settings_sources = 'Not set' (Constants/Not set)
2024-12-18T04:58:02.276284+00:00 DEBUG 'ansible_navigator.main' After rollback: time_zone = 'Not set' (Constants/Not set)
2024-12-18T04:58:02.276299+00:00 DEBUG 'ansible_navigator.main' After rollback: workdir = 'Not set' (Constants/Not set)
2024-12-18T04:58:02.276318+00:00 DEBUG 'ansible_navigator.main' Configuration rollback complete.
2024-12-18T04:58:02.276333+00:00 DEBUG 'ansible_navigator.main' Collection doc cache not mounted
2024-12-18T04:58:02.276358+00:00 WARNING 'ansible_navigator.main' Issues were found while applying the settings.
2024-12-18T04:58:02.276377+00:00 INFO 'ansible_navigator.main' Command provided: 'setting --help'
2024-12-18T04:58:02.276397+00:00 ERROR 'ansible_navigator.main' argument {subcommand} --help: invalid choice: 'setting' (choose from 'builder', 'collections', 'config', 'doc', 'exec', 'images', 'inventory', 'lint', 'replay', 'run', 'settings', 'welcome')
2024-12-18T04:58:02.276414+00:00 INFO 'ansible_navigator.main' Configuration failed, using default log file location. (/home/thanhtut/test/ansible/git_tutorial/Chapter-7/ansible-navigator.log) Log level set to debug
2024-12-18T04:58:02.276432+00:00 INFO 'ansible_navigator.main' Review the hints and log file to see what went wrong.
