2024-12-16T16:14:12.007000+00:00 INFO 'ansible_navigator.setup_logger' New ansible-navigator instance, logging initialized
2024-12-16T16:14:12.009297+00:00 INFO 'ansible_navigator.setup_logger' New ansible-runner instance, logging initialized
2024-12-16T16:14:12.009358+00:00 DEBUG 'ansible_navigator.main' MarkupSafe==3.0.2 
2024-12-16T16:14:12.009388+00:00 DEBUG 'ansible_navigator.main' Parsley==1.3 
2024-12-16T16:14:12.009413+00:00 DEBUG 'ansible_navigator.main' PyYAML==6.0.2 
2024-12-16T16:14:12.009436+00:00 DEBUG 'ansible_navigator.main' ansible-builder==3.1.0 
2024-12-16T16:14:12.009458+00:00 DEBUG 'ansible_navigator.main' ansible-compat==24.10.0 
2024-12-16T16:14:12.009479+00:00 DEBUG 'ansible_navigator.main' ansible-core==2.17.6 
2024-12-16T16:14:12.009499+00:00 DEBUG 'ansible_navigator.main' ansible-lint==24.10.0 
2024-12-16T16:14:12.009520+00:00 DEBUG 'ansible_navigator.main' ansible-navigator==24.10.0 
2024-12-16T16:14:12.009542+00:00 DEBUG 'ansible_navigator.main' ansible-runner==2.4.0 
2024-12-16T16:14:12.009562+00:00 DEBUG 'ansible_navigator.main' ansible==10.6.0 /home/thanhtut/test/ansible/lib/python3.10/site-packages/ansible/__init__.py
2024-12-16T16:14:12.009582+00:00 DEBUG 'ansible_navigator.main' bindep==2.11.0 /home/thanhtut/test/ansible/lib/python3.10/site-packages/bindep/__init__.py
2024-12-16T16:14:12.009602+00:00 DEBUG 'ansible_navigator.main' boto3==1.35.71 /home/thanhtut/test/ansible/lib/python3.10/site-packages/boto3/__init__.py
2024-12-16T16:14:12.009620+00:00 DEBUG 'ansible_navigator.main' botocore==1.35.71 /home/thanhtut/test/ansible/lib/python3.10/site-packages/botocore/__init__.py
2024-12-16T16:14:12.009639+00:00 DEBUG 'ansible_navigator.main' cffi==1.17.1 /home/thanhtut/test/ansible/lib/python3.10/site-packages/cffi/__init__.py
2024-12-16T16:14:12.009658+00:00 DEBUG 'ansible_navigator.main' click==8.1.7 /home/thanhtut/test/ansible/lib/python3.10/site-packages/click/__init__.py
2024-12-16T16:14:12.009678+00:00 DEBUG 'ansible_navigator.main' distro==1.9.0 /home/thanhtut/test/ansible/lib/python3.10/site-packages/distro/__init__.py
2024-12-16T16:14:12.009696+00:00 DEBUG 'ansible_navigator.main' importlib_metadata==8.5.0 /home/thanhtut/test/ansible/lib/python3.10/site-packages/importlib_metadata/__init__.py
2024-12-16T16:14:12.009727+00:00 DEBUG 'ansible_navigator.main' jmespath==1.0.1 /home/thanhtut/test/ansible/lib/python3.10/site-packages/jmespath/__init__.py
2024-12-16T16:14:12.009748+00:00 DEBUG 'ansible_navigator.main' lockfile==0.12.2 /home/thanhtut/test/ansible/lib/python3.10/site-packages/lockfile/__init__.py
2024-12-16T16:14:12.009767+00:00 DEBUG 'ansible_navigator.main' mypy-extensions==1.0.0 
2024-12-16T16:14:12.009786+00:00 DEBUG 'ansible_navigator.main' onigurumacffi==1.3.0 /home/thanhtut/test/ansible/lib/python3.10/site-packages/onigurumacffi.py
2024-12-16T16:14:12.009804+00:00 DEBUG 'ansible_navigator.main' passlib==1.7.4 /home/thanhtut/test/ansible/lib/python3.10/site-packages/passlib/__init__.py
2024-12-16T16:14:12.009822+00:00 DEBUG 'ansible_navigator.main' pbr==6.1.0 /home/thanhtut/test/ansible/lib/python3.10/site-packages/pbr/__init__.py
2024-12-16T16:14:12.009841+00:00 DEBUG 'ansible_navigator.main' pexpect==4.9.0 /home/thanhtut/test/ansible/lib/python3.10/site-packages/pexpect/__init__.py
2024-12-16T16:14:12.009859+00:00 DEBUG 'ansible_navigator.main' pip==24.3.1 /home/thanhtut/test/ansible/lib/python3.10/site-packages/pip/__init__.py
2024-12-16T16:14:12.009877+00:00 DEBUG 'ansible_navigator.main' pycparser==2.22 /home/thanhtut/test/ansible/lib/python3.10/site-packages/pycparser/__init__.py
2024-12-16T16:14:12.009895+00:00 DEBUG 'ansible_navigator.main' python-daemon==3.1.0 
2024-12-16T16:14:12.009913+00:00 DEBUG 'ansible_navigator.main' python-dateutil==2.9.0.post0 
2024-12-16T16:14:12.009932+00:00 DEBUG 'ansible_navigator.main' resolvelib==1.0.1 /home/thanhtut/test/ansible/lib/python3.10/site-packages/resolvelib/__init__.py
2024-12-16T16:14:12.009950+00:00 DEBUG 'ansible_navigator.main' ruamel.yaml.clib==0.2.12 
2024-12-16T16:14:12.009968+00:00 DEBUG 'ansible_navigator.main' ruamel.yaml==0.18.6 /home/thanhtut/test/ansible/lib/python3.10/site-packages/ruamel/yaml/__init__.py
2024-12-16T16:14:12.009995+00:00 DEBUG 'ansible_navigator.main' s3transfer==0.10.4 /home/thanhtut/test/ansible/lib/python3.10/site-packages/s3transfer/__init__.py
2024-12-16T16:14:12.010015+00:00 DEBUG 'ansible_navigator.main' setuptools==75.6.0 /home/thanhtut/test/ansible/lib/python3.10/site-packages/setuptools/__init__.py
2024-12-16T16:14:12.010033+00:00 DEBUG 'ansible_navigator.main' six==1.16.0 /home/thanhtut/test/ansible/lib/python3.10/site-packages/six.py
2024-12-16T16:14:12.010071+00:00 DEBUG 'ansible_navigator.main' subprocess-tee==0.4.2 
2024-12-16T16:14:12.010092+00:00 DEBUG 'ansible_navigator.main' tzdata==2024.2 /home/thanhtut/test/ansible/lib/python3.10/site-packages/tzdata/__init__.py
2024-12-16T16:14:12.010111+00:00 DEBUG 'ansible_navigator.main' yamllint==1.35.1 /home/thanhtut/test/ansible/lib/python3.10/site-packages/yamllint/__init__.py
2024-12-16T16:14:12.010130+00:00 DEBUG 'ansible_navigator.main' zipp==3.21.0 /home/thanhtut/test/ansible/lib/python3.10/site-packages/zipp/__init__.py
2024-12-16T16:14:12.010148+00:00 DEBUG 'ansible_navigator.main' Default collection_doc_cache_path set to: /home/thanhtut/.cache/ansible-navigator/collection_doc_cache.db
2024-12-16T16:14:12.010167+00:00 DEBUG 'ansible_navigator.main' EDITOR environment variable not set
2024-12-16T16:14:12.010185+00:00 DEBUG 'ansible_navigator.main' Default editor_command set to: vi +{line_number} {filename}
2024-12-16T16:14:12.010203+00:00 DEBUG 'ansible_navigator.main' No config file set by ANSIBLE_NAVIGATOR_CONFIG
2024-12-16T16:14:12.010221+00:00 DEBUG 'ansible_navigator.main' Looking in /home/thanhtut/.ansible-navigator
2024-12-16T16:14:12.010240+00:00 DEBUG 'ansible_navigator.main' Looking for '/home/thanhtut/.ansible-navigator.yml', '/home/thanhtut/.ansible-navigator.yaml' and '/home/thanhtut/.ansible-navigator.json'
2024-12-16T16:14:12.010258+00:00 DEBUG 'ansible_navigator.main' Found 0: 
2024-12-16T16:14:12.010277+00:00 DEBUG 'ansible_navigator.main' Looking in /home/thanhtut/test/ansible/git_tutorial/Chapter-5/ansible-navigator
2024-12-16T16:14:12.010294+00:00 DEBUG 'ansible_navigator.main' Looking for '/home/thanhtut/test/ansible/git_tutorial/Chapter-5/ansible-navigator.yml', '/home/thanhtut/test/ansible/git_tutorial/Chapter-5/ansible-navigator.yaml' and '/home/thanhtut/test/ansible/git_tutorial/Chapter-5/ansible-navigator.json'
2024-12-16T16:14:12.010318+00:00 DEBUG 'ansible_navigator.main' Found 0: 
2024-12-16T16:14:12.010339+00:00 DEBUG 'ansible_navigator.main' All found 0: 
2024-12-16T16:14:12.010358+00:00 DEBUG 'ansible_navigator.main' Using: None
2024-12-16T16:14:12.010377+00:00 DEBUG 'ansible_navigator.main' No valid settings file found, using all default values for settings.
2024-12-16T16:14:12.010395+00:00 DEBUG 'ansible_navigator.main' Command provided: 'inventory -i static-inventory.yml --list --mode stdout --eei registry.redhat.io/ansible-automation-platform-24/ee-supported-rhel8:latest --pp mising'
2024-12-16T16:14:12.010415+00:00 DEBUG 'ansible_navigator.main' EE support enabled: using current working directory for 'ansible.cfg'
2024-12-16T16:14:12.010433+00:00 INFO 'ansible_navigator.main' EE support enabled: found 'ansible.cfg' in current working directory.
2024-12-16T16:14:12.010452+00:00 DEBUG 'ansible_navigator.main' Completed post processing for ansible_runner_artifact_dir. (changed=False)
2024-12-16T16:14:12.010471+00:00 DEBUG 'ansible_navigator.main' Completed post processing for ansible_runner_rotate_artifacts_count. (changed=False)
2024-12-16T16:14:12.010489+00:00 DEBUG 'ansible_navigator.main' Completed post processing for ansible_runner_timeout. (changed=False)
2024-12-16T16:14:12.010508+00:00 DEBUG 'ansible_navigator.main' Completed post processing for cmdline. (changed=False)
2024-12-16T16:14:12.010525+00:00 DEBUG 'ansible_navigator.main' Completed post processing for collection_doc_cache_path. (changed=False)
2024-12-16T16:14:12.010543+00:00 DEBUG 'ansible_navigator.main' Completed post processing for container_engine. (changed=True)
2024-12-16T16:14:12.010566+00:00 DEBUG 'ansible_navigator.main'  before: 'auto'
2024-12-16T16:14:12.010585+00:00 DEBUG 'ansible_navigator.main'  after: 'podman'
2024-12-16T16:14:12.010604+00:00 DEBUG 'ansible_navigator.main' Completed post processing for container_options. (changed=False)
2024-12-16T16:14:12.010622+00:00 DEBUG 'ansible_navigator.main' Completed post processing for display_color. (changed=False)
2024-12-16T16:14:12.010638+00:00 DEBUG 'ansible_navigator.main' Completed post processing for enable_prompts. (changed=False)
2024-12-16T16:14:12.010653+00:00 DEBUG 'ansible_navigator.main' Completed post processing for execution_environment. (changed=False)
2024-12-16T16:14:12.010669+00:00 DEBUG 'ansible_navigator.main' Completed post processing for execution_environment_image. (changed=False)
2024-12-16T16:14:12.010684+00:00 DEBUG 'ansible_navigator.main' Completed post processing for help_builder. (changed=False)
2024-12-16T16:14:12.010700+00:00 DEBUG 'ansible_navigator.main' Completed post processing for help_config. (changed=False)
2024-12-16T16:14:12.010715+00:00 DEBUG 'ansible_navigator.main' Completed post processing for help_doc. (changed=False)
2024-12-16T16:14:12.010731+00:00 DEBUG 'ansible_navigator.main' Completed post processing for help_inventory. (changed=False)
2024-12-16T16:14:12.010746+00:00 DEBUG 'ansible_navigator.main' Completed post processing for help_playbook. (changed=False)
2024-12-16T16:14:12.010761+00:00 DEBUG 'ansible_navigator.main' Completed post processing for images_details. (changed=False)
2024-12-16T16:14:12.010777+00:00 DEBUG 'ansible_navigator.main' Completed post processing for inventory. (changed=True)
2024-12-16T16:14:12.010792+00:00 DEBUG 'ansible_navigator.main'  before: '[['static-inventory.yml']]'
2024-12-16T16:14:12.010807+00:00 DEBUG 'ansible_navigator.main'  after: '['/home/thanhtut/test/ansible/git_tutorial/Chapter-5/static-inventory.yml']'
2024-12-16T16:14:12.010822+00:00 DEBUG 'ansible_navigator.main' Completed post processing for inventory_column. (changed=False)
2024-12-16T16:14:12.010838+00:00 DEBUG 'ansible_navigator.main' Completed post processing for log_file. (changed=False)
2024-12-16T16:14:12.010853+00:00 DEBUG 'ansible_navigator.main' Completed post processing for pass_environment_variable. (changed=False)
2024-12-16T16:14:12.010869+00:00 DEBUG 'ansible_navigator.main' Completed post processing for playbook. (changed=False)
2024-12-16T16:14:12.010884+00:00 DEBUG 'ansible_navigator.main' Completed post processing for playbook_artifact_replay. (changed=False)
2024-12-16T16:14:12.010900+00:00 DEBUG 'ansible_navigator.main' Completed post processing for playbook_artifact_save_as. (changed=False)
2024-12-16T16:14:12.010915+00:00 DEBUG 'ansible_navigator.main' Completed post processing for plugin_name. (changed=False)
2024-12-16T16:14:12.010931+00:00 DEBUG 'ansible_navigator.main' Completed post processing for pull_arguments. (changed=False)
2024-12-16T16:14:12.010946+00:00 DEBUG 'ansible_navigator.main' Completed post processing for set_environment_variable. (changed=False)
2024-12-16T16:14:12.010961+00:00 DEBUG 'ansible_navigator.main' Completed post processing for settings_effective. (changed=False)
2024-12-16T16:14:12.010976+00:00 DEBUG 'ansible_navigator.main' Completed post processing for settings_sample. (changed=False)
2024-12-16T16:14:12.010991+00:00 DEBUG 'ansible_navigator.main' Completed post processing for settings_schema. (changed=False)
2024-12-16T16:14:12.011007+00:00 DEBUG 'ansible_navigator.main' Completed post processing for settings_sources. (changed=False)
2024-12-16T16:14:12.011033+00:00 DEBUG 'ansible_navigator.main' Completed post processing for time_zone. (changed=False)
2024-12-16T16:14:12.011125+00:00 DEBUG 'ansible_navigator.main' Completed post processing for execution_environment_volume_mounts. (changed=False)
2024-12-16T16:14:12.011163+00:00 DEBUG 'ansible_navigator.main' Completed post processing for mode. (changed=False)
2024-12-16T16:14:12.011192+00:00 DEBUG 'ansible_navigator.main' Completed post processing for playbook_artifact_enable. (changed=False)
2024-12-16T16:14:12.011227+00:00 WARNING 'ansible_navigator.main' Configuration errors encountered, rolling back to previous configuration.
2024-12-16T16:14:12.011252+00:00 DEBUG 'ansible_navigator.main' Prior to rollback: ansible_runner_artifact_dir = 'Not set' (Constants/Not set)
2024-12-16T16:14:12.011273+00:00 DEBUG 'ansible_navigator.main' Prior to rollback: ansible_runner_rotate_artifacts_count = 'Not set' (Constants/Not set)
2024-12-16T16:14:12.011293+00:00 DEBUG 'ansible_navigator.main' Prior to rollback: ansible_runner_timeout = 'Not set' (Constants/Not set)
2024-12-16T16:14:12.011313+00:00 DEBUG 'ansible_navigator.main' Prior to rollback: ansible_runner_write_job_events = 'False' (bool/Defaults)
2024-12-16T16:14:12.011334+00:00 DEBUG 'ansible_navigator.main' Prior to rollback: app = 'inventory' (str/Command line)
2024-12-16T16:14:12.011355+00:00 DEBUG 'ansible_navigator.main' Prior to rollback: cmdline = '['--list']' (list/Command line)
2024-12-16T16:14:12.011376+00:00 DEBUG 'ansible_navigator.main' Prior to rollback: collection_doc_cache_path = '/home/thanhtut/.cache/ansible-navigator/collection_doc_cache.db' (str/Defaults)
2024-12-16T16:14:12.011397+00:00 DEBUG 'ansible_navigator.main' Prior to rollback: config = 'Not set' (Constants/Not set)
2024-12-16T16:14:12.011418+00:00 DEBUG 'ansible_navigator.main' Prior to rollback: container_engine = 'podman' (str/Automatically determined)
2024-12-16T16:14:12.011437+00:00 DEBUG 'ansible_navigator.main' Prior to rollback: container_options = 'Not set' (Constants/Not set)
2024-12-16T16:14:12.011456+00:00 DEBUG 'ansible_navigator.main' Prior to rollback: display_color = 'True' (bool/Defaults)
2024-12-16T16:14:12.011476+00:00 DEBUG 'ansible_navigator.main' Prior to rollback: editor_command = 'vi +{line_number} {filename}' (str/Defaults)
2024-12-16T16:14:12.011494+00:00 DEBUG 'ansible_navigator.main' Prior to rollback: editor_console = 'True' (bool/Defaults)
2024-12-16T16:14:12.011513+00:00 DEBUG 'ansible_navigator.main' Prior to rollback: enable_prompts = 'False' (bool/Defaults)
2024-12-16T16:14:12.011530+00:00 DEBUG 'ansible_navigator.main' Prior to rollback: exec_command = '/bin/bash' (str/Defaults)
2024-12-16T16:14:12.011548+00:00 DEBUG 'ansible_navigator.main' Prior to rollback: exec_shell = 'True' (bool/Defaults)
2024-12-16T16:14:12.011567+00:00 DEBUG 'ansible_navigator.main' Prior to rollback: execution_environment = 'True' (bool/Defaults)
2024-12-16T16:14:12.011585+00:00 DEBUG 'ansible_navigator.main' Prior to rollback: execution_environment_image = 'registry.redhat.io/ansible-automation-platform-24/ee-supported-rhel8:latest' (str/Command line)
2024-12-16T16:14:12.011601+00:00 DEBUG 'ansible_navigator.main' Prior to rollback: execution_environment_volume_mounts = 'Not set' (Constants/Not set)
2024-12-16T16:14:12.011616+00:00 DEBUG 'ansible_navigator.main' Prior to rollback: format = 'yaml' (str/Defaults)
2024-12-16T16:14:12.011632+00:00 DEBUG 'ansible_navigator.main' Prior to rollback: help_builder = 'False' (bool/Defaults)
2024-12-16T16:14:12.011648+00:00 DEBUG 'ansible_navigator.main' Prior to rollback: help_config = 'False' (bool/Defaults)
2024-12-16T16:14:12.011664+00:00 DEBUG 'ansible_navigator.main' Prior to rollback: help_doc = 'False' (bool/Defaults)
2024-12-16T16:14:12.011680+00:00 DEBUG 'ansible_navigator.main' Prior to rollback: help_inventory = 'False' (bool/Defaults)
2024-12-16T16:14:12.011696+00:00 DEBUG 'ansible_navigator.main' Prior to rollback: help_playbook = 'False' (bool/Defaults)
2024-12-16T16:14:12.011712+00:00 DEBUG 'ansible_navigator.main' Prior to rollback: images_details = '['everything']' (list/Defaults)
2024-12-16T16:14:12.011727+00:00 DEBUG 'ansible_navigator.main' Prior to rollback: inventory = '['/home/thanhtut/test/ansible/git_tutorial/Chapter-5/static-inventory.yml']' (list/Command line)
2024-12-16T16:14:12.011742+00:00 DEBUG 'ansible_navigator.main' Prior to rollback: inventory_column = 'Not set' (Constants/Not set)
2024-12-16T16:14:12.011757+00:00 DEBUG 'ansible_navigator.main' Prior to rollback: lint_config = 'Not set' (Constants/Not set)
2024-12-16T16:14:12.011775+00:00 DEBUG 'ansible_navigator.main' Prior to rollback: lintables = 'Not set' (Constants/Not set)
2024-12-16T16:14:12.011792+00:00 DEBUG 'ansible_navigator.main' Prior to rollback: log_append = 'True' (bool/Defaults)
2024-12-16T16:14:12.011808+00:00 DEBUG 'ansible_navigator.main' Prior to rollback: log_file = '/home/thanhtut/test/ansible/git_tutorial/Chapter-5/ansible-navigator.log' (str/Defaults)
2024-12-16T16:14:12.011823+00:00 DEBUG 'ansible_navigator.main' Prior to rollback: log_level = 'warning' (str/Defaults)
2024-12-16T16:14:12.011838+00:00 DEBUG 'ansible_navigator.main' Prior to rollback: mode = 'stdout' (str/Command line)
2024-12-16T16:14:12.011853+00:00 DEBUG 'ansible_navigator.main' Prior to rollback: osc4 = 'True' (bool/Defaults)
2024-12-16T16:14:12.011868+00:00 DEBUG 'ansible_navigator.main' Prior to rollback: pass_environment_variable = 'Not set' (Constants/Not set)
2024-12-16T16:14:12.011883+00:00 DEBUG 'ansible_navigator.main' Prior to rollback: playbook = 'Not set' (Constants/Not set)
2024-12-16T16:14:12.011898+00:00 DEBUG 'ansible_navigator.main' Prior to rollback: playbook_artifact_enable = 'True' (bool/Defaults)
2024-12-16T16:14:12.011914+00:00 DEBUG 'ansible_navigator.main' Prior to rollback: playbook_artifact_replay = 'Not set' (Constants/Not set)
2024-12-16T16:14:12.011929+00:00 DEBUG 'ansible_navigator.main' Prior to rollback: playbook_artifact_save_as = '{playbook_dir}/{playbook_name}-artifact-{time_stamp}.json' (str/Defaults)
2024-12-16T16:14:12.011945+00:00 DEBUG 'ansible_navigator.main' Prior to rollback: plugin_name = 'Not set' (Constants/Not set)
2024-12-16T16:14:12.011960+00:00 DEBUG 'ansible_navigator.main' Prior to rollback: plugin_type = 'module' (str/Defaults)
2024-12-16T16:14:12.011974+00:00 DEBUG 'ansible_navigator.main' Prior to rollback: pull_arguments = 'Not set' (Constants/Not set)
2024-12-16T16:14:12.011989+00:00 DEBUG 'ansible_navigator.main' Prior to rollback: pull_policy = 'mising' (str/Command line)
2024-12-16T16:14:12.012003+00:00 DEBUG 'ansible_navigator.main' Prior to rollback: set_environment_variable = 'Not set' (Constants/Not set)
2024-12-16T16:14:12.012018+00:00 DEBUG 'ansible_navigator.main' Prior to rollback: settings_effective = 'False' (bool/Defaults)
2024-12-16T16:14:12.012033+00:00 DEBUG 'ansible_navigator.main' Prior to rollback: settings_sample = 'False' (bool/Defaults)
2024-12-16T16:14:12.012084+00:00 DEBUG 'ansible_navigator.main' Prior to rollback: settings_schema = 'json' (str/Defaults)
2024-12-16T16:14:12.012117+00:00 DEBUG 'ansible_navigator.main' Prior to rollback: settings_sources = 'False' (bool/Defaults)
2024-12-16T16:14:12.012139+00:00 DEBUG 'ansible_navigator.main' Prior to rollback: time_zone = 'UTC' (str/Defaults)
2024-12-16T16:14:12.012158+00:00 DEBUG 'ansible_navigator.main' Prior to rollback: workdir = '/home/thanhtut/test/ansible/git_tutorial/Chapter-5' (str/Defaults)
2024-12-16T16:14:12.012176+00:00 DEBUG 'ansible_navigator.main' After rollback: ansible_runner_artifact_dir = 'Not set' (Constants/Not set)
2024-12-16T16:14:12.012193+00:00 DEBUG 'ansible_navigator.main' After rollback: ansible_runner_rotate_artifacts_count = 'Not set' (Constants/Not set)
2024-12-16T16:14:12.012210+00:00 DEBUG 'ansible_navigator.main' After rollback: ansible_runner_timeout = 'Not set' (Constants/Not set)
2024-12-16T16:14:12.012226+00:00 DEBUG 'ansible_navigator.main' After rollback: ansible_runner_write_job_events = 'Not set' (Constants/Not set)
2024-12-16T16:14:12.012243+00:00 DEBUG 'ansible_navigator.main' After rollback: app = 'Not set' (Constants/Not set)
2024-12-16T16:14:12.012259+00:00 DEBUG 'ansible_navigator.main' After rollback: cmdline = 'Not set' (Constants/Not set)
2024-12-16T16:14:12.012276+00:00 DEBUG 'ansible_navigator.main' After rollback: collection_doc_cache_path = 'Not set' (Constants/Not set)
2024-12-16T16:14:12.012292+00:00 DEBUG 'ansible_navigator.main' After rollback: config = 'Not set' (Constants/Not set)
2024-12-16T16:14:12.012310+00:00 DEBUG 'ansible_navigator.main' After rollback: container_engine = 'Not set' (Constants/Not set)
2024-12-16T16:14:12.012334+00:00 DEBUG 'ansible_navigator.main' After rollback: container_options = 'Not set' (Constants/Not set)
2024-12-16T16:14:12.012352+00:00 DEBUG 'ansible_navigator.main' After rollback: display_color = 'Not set' (Constants/Not set)
2024-12-16T16:14:12.012369+00:00 DEBUG 'ansible_navigator.main' After rollback: editor_command = 'Not set' (Constants/Not set)
2024-12-16T16:14:12.012385+00:00 DEBUG 'ansible_navigator.main' After rollback: editor_console = 'Not set' (Constants/Not set)
2024-12-16T16:14:12.012401+00:00 DEBUG 'ansible_navigator.main' After rollback: enable_prompts = 'Not set' (Constants/Not set)
2024-12-16T16:14:12.012417+00:00 DEBUG 'ansible_navigator.main' After rollback: exec_command = 'Not set' (Constants/Not set)
2024-12-16T16:14:12.012432+00:00 DEBUG 'ansible_navigator.main' After rollback: exec_shell = 'Not set' (Constants/Not set)
2024-12-16T16:14:12.012448+00:00 DEBUG 'ansible_navigator.main' After rollback: execution_environment = 'Not set' (Constants/Not set)
2024-12-16T16:14:12.012463+00:00 DEBUG 'ansible_navigator.main' After rollback: execution_environment_image = 'Not set' (Constants/Not set)
2024-12-16T16:14:12.012478+00:00 DEBUG 'ansible_navigator.main' After rollback: execution_environment_volume_mounts = 'Not set' (Constants/Not set)
2024-12-16T16:14:12.012494+00:00 DEBUG 'ansible_navigator.main' After rollback: format = 'Not set' (Constants/Not set)
2024-12-16T16:14:12.012509+00:00 DEBUG 'ansible_navigator.main' After rollback: help_builder = 'Not set' (Constants/Not set)
2024-12-16T16:14:12.012524+00:00 DEBUG 'ansible_navigator.main' After rollback: help_config = 'Not set' (Constants/Not set)
2024-12-16T16:14:12.012540+00:00 DEBUG 'ansible_navigator.main' After rollback: help_doc = 'Not set' (Constants/Not set)
2024-12-16T16:14:12.012555+00:00 DEBUG 'ansible_navigator.main' After rollback: help_inventory = 'Not set' (Constants/Not set)
2024-12-16T16:14:12.012570+00:00 DEBUG 'ansible_navigator.main' After rollback: help_playbook = 'Not set' (Constants/Not set)
2024-12-16T16:14:12.012585+00:00 DEBUG 'ansible_navigator.main' After rollback: images_details = 'Not set' (Constants/Not set)
2024-12-16T16:14:12.012602+00:00 DEBUG 'ansible_navigator.main' After rollback: inventory = 'Not set' (Constants/Not set)
2024-12-16T16:14:12.012620+00:00 DEBUG 'ansible_navigator.main' After rollback: inventory_column = 'Not set' (Constants/Not set)
2024-12-16T16:14:12.012639+00:00 DEBUG 'ansible_navigator.main' After rollback: lint_config = 'Not set' (Constants/Not set)
2024-12-16T16:14:12.012659+00:00 DEBUG 'ansible_navigator.main' After rollback: lintables = 'Not set' (Constants/Not set)
2024-12-16T16:14:12.012681+00:00 DEBUG 'ansible_navigator.main' After rollback: log_append = 'Not set' (Constants/Not set)
2024-12-16T16:14:12.012699+00:00 DEBUG 'ansible_navigator.main' After rollback: log_file = 'Not set' (Constants/Not set)
2024-12-16T16:14:12.012717+00:00 DEBUG 'ansible_navigator.main' After rollback: log_level = 'Not set' (Constants/Not set)
2024-12-16T16:14:12.012735+00:00 DEBUG 'ansible_navigator.main' After rollback: mode = 'Not set' (Constants/Not set)
2024-12-16T16:14:12.012754+00:00 DEBUG 'ansible_navigator.main' After rollback: osc4 = 'Not set' (Constants/Not set)
2024-12-16T16:14:12.012772+00:00 DEBUG 'ansible_navigator.main' After rollback: pass_environment_variable = 'Not set' (Constants/Not set)
2024-12-16T16:14:12.012790+00:00 DEBUG 'ansible_navigator.main' After rollback: playbook = 'Not set' (Constants/Not set)
2024-12-16T16:14:12.012815+00:00 DEBUG 'ansible_navigator.main' After rollback: playbook_artifact_enable = 'Not set' (Constants/Not set)
2024-12-16T16:14:12.012841+00:00 DEBUG 'ansible_navigator.main' After rollback: playbook_artifact_replay = 'Not set' (Constants/Not set)
2024-12-16T16:14:12.012868+00:00 DEBUG 'ansible_navigator.main' After rollback: playbook_artifact_save_as = 'Not set' (Constants/Not set)
2024-12-16T16:14:12.012895+00:00 DEBUG 'ansible_navigator.main' After rollback: plugin_name = 'Not set' (Constants/Not set)
2024-12-16T16:14:12.012921+00:00 DEBUG 'ansible_navigator.main' After rollback: plugin_type = 'Not set' (Constants/Not set)
2024-12-16T16:14:12.012941+00:00 DEBUG 'ansible_navigator.main' After rollback: pull_arguments = 'Not set' (Constants/Not set)
2024-12-16T16:14:12.012959+00:00 DEBUG 'ansible_navigator.main' After rollback: pull_policy = 'Not set' (Constants/Not set)
2024-12-16T16:14:12.012978+00:00 DEBUG 'ansible_navigator.main' After rollback: set_environment_variable = 'Not set' (Constants/Not set)
2024-12-16T16:14:12.012996+00:00 DEBUG 'ansible_navigator.main' After rollback: settings_effective = 'Not set' (Constants/Not set)
2024-12-16T16:14:12.013015+00:00 DEBUG 'ansible_navigator.main' After rollback: settings_sample = 'Not set' (Constants/Not set)
2024-12-16T16:14:12.013032+00:00 DEBUG 'ansible_navigator.main' After rollback: settings_schema = 'Not set' (Constants/Not set)
2024-12-16T16:14:12.013067+00:00 DEBUG 'ansible_navigator.main' After rollback: settings_sources = 'Not set' (Constants/Not set)
2024-12-16T16:14:12.013093+00:00 DEBUG 'ansible_navigator.main' After rollback: time_zone = 'Not set' (Constants/Not set)
2024-12-16T16:14:12.013117+00:00 DEBUG 'ansible_navigator.main' After rollback: workdir = 'Not set' (Constants/Not set)
2024-12-16T16:14:12.013136+00:00 DEBUG 'ansible_navigator.main' Configuration rollback complete.
2024-12-16T16:14:12.013153+00:00 DEBUG 'ansible_navigator.main' Collection doc cache not mounted
2024-12-16T16:14:12.013182+00:00 WARNING 'ansible_navigator.main' Issues were found while applying the settings.
2024-12-16T16:14:12.013213+00:00 INFO 'ansible_navigator.main' Command provided: 'inventory -i static-inventory.yml --list --mode stdout --eei registry.redhat.io/ansible-automation-platform-24/ee-supported-rhel8:latest --pp mising'
2024-12-16T16:14:12.013239+00:00 ERROR 'ansible_navigator.main' The setting 'pull-policy' must be one of 'always', 'missing', 'never' or 'tag', but set as 'mising'. (Command line)
2024-12-16T16:14:12.013262+00:00 INFO 'ansible_navigator.main' Try again with '--pp always', '--pp missing', '--pp never' or '--pp tag'
2024-12-16T16:14:12.013282+00:00 INFO 'ansible_navigator.main' Configuration failed, using default log file location. (/home/thanhtut/test/ansible/git_tutorial/Chapter-5/ansible-navigator.log) Log level set to debug
2024-12-16T16:14:12.013303+00:00 INFO 'ansible_navigator.main' Review the hints and log file to see what went wrong.
